1435173977 1 69.350
1435173993 1 69.350
1435174009 1 69.350
1435174024 1 69.350
1435174040 1 69.350
1435174056 1 69.350
1435174071 1 69.350
1435174087 1 69.350
1435174103 1 69.350
1435174119 1 69.350
1435174135 1 69.350
1435174150 1 69.350
1435174166 1 69.350
1435174182 1 69.350
1435174198 1 69.350
1435174213 1 69.350
1435174229 1 69.350
1435174245 1 69.350
1435174261 1 69.350
1435174276 1 69.350
1435174292 1 69.237
1435174308 1 69.237
1435174324 1 69.237
1435174339 1 69.237
1435174355 1 69.237
1435174371 1 69.237
1435174387 1 69.237
1435174402 1 69.237
1435174418 1 69.237
1435174434 1 69.125
1435174450 1 69.125
1435174465 1 69.125
1435174481 1 69.125
1435174497 1 69.125
1435174513 1 69.013
1435174528 1 69.013
1435174544 1 69.013
1435174560 1 69.013
1435174576 1 69.013
1435174591 1 68.900
1435174607 1 68.900
1435174623 1 68.900
1435174639 1 68.787
1435174654 1 68.787
1435174670 1 68.787
1435174686 1 68.675
1435174702 1 68.675
1435174717 1 68.562
1435174733 1 68.562
1435174749 1 68.562
1435174765 1 68.562
1435174780 1 68.450
1435174796 1 68.450
1435174812 1 68.338
1435174828 1 68.338
1435174843 1 68.338
1435174859 1 68.225
1435174875 1 68.225
1435174891 1 68.112
1435174906 1 68.112
1435174922 1 68.000
1435174938 1 68.000
1435174954 1 67.888
1435174969 1 67.888
1435174985 1 67.775
1435175001 1 67.775
1435175017 1 67.662
1435175032 1 67.550
1435175048 1 67.550
1435175064 1 67.438
1435175080 1 67.438
1435175095 1 67.325
1435175111 1 67.325
1435175127 1 67.213
1435175143 1 67.100
1435175158 1 67.100
1435175174 1 66.987
1435175190 1 66.987
1435175206 1 66.875
1435175221 1 66.875
1435175237 1 66.763
1435175253 1 66.650
1435175269 1 66.650
1435175284 1 66.537
1435175300 1 66.425
1435175316 1 66.312
1435175332 1 66.312
1435175347 1 66.200
1435175363 1 66.088
1435175379 1 66.088
1435175395 1 65.975
1435175411 1 65.975
1435175426 1 65.862
1435175442 1 65.750
1435175458 1 65.638
1435175473 1 65.525
1435175489 1 65.525
1435175505 1 65.412
1435175521 1 65.300
1435175537 1 65.300
1435175552 1 65.075
1435175568 1 65.075
1435175584 1 64.963
1435175599 1 64.850
1435175615 1 64.850
1435175631 1 64.737
1435175647 1 64.625
1435175663 1 64.625
1435175678 1 64.513
1435175694 1 64.400
1435175710 1 64.287
1435175725 1 64.175
1435175741 1 64.062
1435175757 1 64.062
1435175773 1 63.950
1435175789 1 63.837
1435175804 1 63.725
1435175820 1 63.612
1435175836 1 63.500
1435175852 1 63.388
1435175867 1 63.275
1435175883 1 63.275
1435175899 1 63.163
1435175915 1 63.050
1435175930 1 62.938
1435175946 1 62.825
1435175962 1 62.712
1435175978 1 62.712
1435175993 1 62.487
1435176009 1 62.375
1435176025 1 62.375
1435176041 1 62.263
1435176056 1 62.150
1435176072 1 62.038
1435176088 1 61.925
1435176104 1 61.812
1435176119 1 61.700
1435176135 1 61.587
1435176151 1 61.475
1435176167 1 61.362
1435176182 1 61.250
1435176198 1 61.138
1435176214 1 61.138
1435176230 1 60.913
1435176245 1 60.800
1435176261 1 60.688
1435176277 1 60.575
1435176293 1 60.575
1435176308 1 60.350
1435176324 1 60.350
1435176340 1 60.237
1435176356 1 60.125
1435176371 1 60.013
1435176387 1 59.900
1435176403 1 59.788
1435176419 1 59.675
1435176434 1 59.562
1435176450 1 59.450
1435176466 1 59.337
1435176482 1 59.225
1435176497 1 59.112
1435176513 1 59.000
1435176529 1 58.888
1435176545 1 58.775
1435176560 1 58.663
1435176576 1 58.550
1435176592 1 58.438
1435176608 1 58.325
1435176623 1 58.212
1435176639 1 58.100
1435176655 1 57.987
1435176671 1 57.875
1435176686 1 57.763
1435176702 1 57.650
1435176718 1 57.538
1435176734 1 57.425
1435176749 1 57.200
1435176765 1 57.200
1435176781 1 57.087
1435176797 1 56.975
1435176812 1 56.862
1435176828 1 56.638
1435176844 1 56.638
1435176860 1 56.525
1435176875 1 56.300
1435176891 1 56.300
1435176907 1 56.188
1435176923 1 55.962
1435176938 1 55.850
1435176954 1 55.737
1435176970 1 55.625
1435176986 1 55.513
1435177001 1 55.400
1435177017 1 55.288
1435177033 1 55.175
1435177049 1 54.950
1435177064 1 54.837
1435177080 1 54.725
1435177096 1 54.612
1435177112 1 54.500
1435177127 1 54.388
1435177143 1 54.275
1435177159 1 54.163
1435177175 1 53.938
1435177191 1 53.825
1435177206 1 53.712
1435177222 1 53.600
1435177238 1 53.487
1435177253 1 53.375
1435177269 1 53.263
1435177285 1 53.150
1435177301 1 53.038
1435177317 1 52.812
1435177332 1 52.700
1435177348 1 52.587
1435177364 1 52.475
1435177379 1 52.362
1435177395 1 52.250
1435177411 1 52.138
1435177427 1 52.025
1435177443 1 51.913
1435177458 1 51.688
1435177474 1 51.575
1435177490 1 51.462
1435177506 1 51.350
1435177521 1 51.237
1435177537 1 51.125
1435177553 1 51.013
1435177569 1 50.788
1435177584 1 50.675
1435177600 1 50.562
1435177616 1 50.450
1435177632 1 50.337
1435177647 1 50.225
1435177663 1 50.112
1435177679 1 49.888
1435177695 1 49.775
1435177710 1 49.663
1435177726 1 49.550
1435177742 1 49.438
1435177758 1 49.325
1435177773 1 49.212
1435177789 1 49.100
1435177805 1 48.875
1435177821 1 48.763
1435177836 1 48.650
1435177852 1 48.538
1435177868 1 48.425
1435177884 1 48.312
1435177899 1 48.200
1435177915 1 47.975
1435177931 1 47.862
1435177947 1 47.750
1435177962 1 47.638
1435177978 1 47.525
1435177994 1 47.413
1435178010 1 47.300
1435178025 1 47.188
1435178041 1 46.962
1435178057 1 46.850
1435178073 1 46.737
1435178088 1 46.625
1435178104 1 46.513
1435178120 1 46.400
1435178136 1 46.288
1435178151 1 46.062
1435178167 1 45.950
1435178183 1 45.837
1435178199 1 45.725
1435178214 1 45.612
1435178230 1 45.500
1435178246 1 45.388
1435178262 1 45.163
1435178277 1 45.050
1435178293 1 44.938
1435178309 1 44.825
1435178325 1 44.712
1435178340 1 44.600
1435178356 1 44.487
1435178372 1 44.263
1435178388 1 44.150
1435178403 1 44.038
1435178419 1 43.925
1435178435 1 43.812
1435178451 1 43.700
1435178466 1 43.587
1435178482 1 43.475
1435178498 1 43.250
1435178514 1 43.138
1435178529 1 43.025
1435178545 1 42.913
1435178561 1 42.800
1435178577 1 42.688
1435178592 1 42.575
1435178608 0 42.462
1435178624 0 42.237
1435178640 0 42.125
1435178655 0 42.013
1435178671 0 41.900
1435178687 0 41.788
1435178703 0 41.562
1435178719 0 41.450
1435178734 0 41.337
1435178750 0 41.225
1435178766 0 41.112
1435178781 0 41.000
1435178797 0 40.888
1435178813 0 40.663
1435178829 0 40.663
1435178845 0 40.550
1435178860 0 40.438
1435178876 0 40.212
1435178892 0 40.100
1435178908 0 39.987
1435178923 0 39.987
1435178939 0 39.875
1435178955 0 39.763
1435178971 0 39.650
1435178986 0 39.538
1435179002 0 39.425
1435179018 0 39.312
1435179034 0 39.312
1435179049 0 39.200
1435179065 0 39.087
1435179081 0 38.975
1435179097 0 38.862
1435179112 0 38.862
1435179128 0 38.750
1435179144 0 38.638
1435179160 0 38.525
1435179175 0 38.413
1435179191 0 38.413
1435179207 0 38.300
1435179223 0 38.300
1435179238 0 38.188
1435179254 0 38.075
1435179270 0 37.962
1435179286 0 37.962
1435179301 0 37.850
1435179317 0 37.737
1435179333 0 37.737
1435179349 0 37.625
1435179364 0 37.625
1435179380 0 37.513
1435179396 0 37.513
1435179412 0 37.400
1435179427 0 37.288
1435179443 0 37.288
1435179459 0 37.175
1435179475 0 37.175
1435179490 0 37.062
1435179506 0 37.062
1435179522 0 36.950
1435179538 0 36.837
1435179553 0 36.837
1435179569 0 36.837
1435179585 0 36.725
1435179601 0 36.725
1435179616 0 36.612
1435179632 0 36.612
1435179648 0 36.500
1435179664 0 36.500
1435179679 0 36.388
1435179695 0 36.388
1435179711 0 36.388
1435179727 0 36.275
1435179742 0 36.275
1435179758 0 36.163
1435179774 0 36.163
1435179790 0 36.163
1435179805 0 36.050
1435179821 0 36.050
1435179837 0 36.050
1435179853 0 35.938
1435179868 0 35.938
1435179884 0 35.938
1435179900 0 35.825
1435179916 0 35.825
1435179932 0 35.825
1435179947 0 35.825
1435179963 0 35.712
1435179979 0 35.712
1435179994 0 35.712
1435180010 0 35.600
1435180026 0 35.600
1435180042 0 35.600
1435180058 0 35.600
1435180073 0 35.487
1435180089 0 35.487
1435180105 0 35.487
1435180120 0 35.487
1435180136 0 35.375
1435180152 0 35.375
1435180168 0 35.375
1435180184 0 35.375
1435180199 0 35.375
1435180215 0 35.263
1435180231 0 35.263
1435180247 0 35.263
1435180262 0 35.263
1435180278 0 35.263
1435180294 0 35.150
1435180310 0 35.150
1435180325 0 35.150
1435180341 0 35.150
1435180357 0 35.038
1435180373 0 35.038
1435180388 0 35.038
1435180404 0 35.038
1435180420 0 35.038
1435180436 0 35.038
1435180451 0 34.925
1435180467 0 34.925
1435180483 0 34.925
1435180499 0 34.925
1435180514 0 34.925
1435180530 0 34.925
1435180546 0 34.925
1435180562 0 34.812
1435180577 0 34.812
1435180593 0 34.812
1435180609 0 34.812
1435180625 0 34.812
1435180640 0 34.812
1435180656 0 34.812
1435180672 0 34.812
1435180688 0 34.812
1435180703 0 34.812
1435180719 0 34.700
1435180735 0 34.700
1435180751 0 34.700
1435180766 0 34.700
1435180782 0 34.700
1435180798 0 34.700
1435180814 0 34.700
1435180829 0 34.700
1435180845 0 34.700
1435180861 0 34.700
1435180877 0 34.700
1435180892 0 34.700
1435180908 0 34.700
1435180924 0 34.587
1435180940 0 34.587
1435180955 0 34.587
1435180971 0 34.587
1435180987 0 34.587
1435181003 0 34.587
1435181018 0 34.587
1435181034 0 34.587
1435181050 0 34.587
1435181066 0 34.587
1435181081 0 34.587
1435181097 0 34.587
1435181113 0 34.587
1435181129 0 34.587
1435181144 0 34.587
1435181160 0 34.587
1435181176 0 34.587
1435181192 0 34.475
1435181207 0 34.475
1435181223 0 34.475
1435181239 0 34.475
1435181255 0 34.475
1435181270 0 34.475
1435181286 0 34.475
1435181302 0 34.475
1435181318 0 34.475
1435181333 0 34.475
1435181349 0 34.475
1435181365 0 34.475
1435181381 0 34.475
1435181396 0 34.475
1435181412 0 34.475
1435181428 0 34.475
1435181444 0 34.475
1435181459 0 34.475
1435181475 0 34.475
1435181491 0 34.475
1435181507 0 34.475
1435181522 0 34.475
1435181538 0 34.475
1435181554 0 34.475
1435181570 0 34.475
1435181586 0 34.475
1435181601 0 34.475
1435181617 0 34.475
1435181633 0 34.475
1435181648 0 34.475
1435181664 0 34.587
1435181680 0 34.475
1435181696 0 34.587
1435181712 0 34.587
1435181727 0 34.587
1435181743 0 34.587
1435181759 0 34.587
1435181775 0 34.587
1435181790 0 34.587
1435181806 0 34.587
1435181822 0 34.587
1435181838 0 34.587
1435181853 0 34.587
1435181869 0 34.587
1435181885 0 34.587
1435181901 0 34.587
1435181916 0 34.587
1435181932 0 34.587
1435181948 0 34.587
1435181964 0 34.587
1435181979 0 34.587
1435181995 0 34.587
1435182011 0 34.587
1435182027 0 34.587
1435182042 0 34.700
1435182058 0 34.587
1435182074 0 34.700
1435182090 0 34.700
1435182105 0 34.700
1435182121 0 34.700
1435182137 0 34.700
1435182153 0 34.700
1435182168 0 34.700
1435182184 0 34.700
1435182200 0 34.700
1435182216 0 34.700
1435182231 0 34.700
1435182247 0 34.700
1435182263 0 34.700
1435182279 0 34.700
1435182294 0 34.700
1435182310 0 34.812
1435182326 0 34.812
1435182342 0 34.812
1435182357 0 34.812
1435182373 0 34.812
1435182389 0 34.812
1435182405 0 34.812
1435182420 0 34.812
1435182436 0 34.812
1435182452 0 34.812
1435182468 0 34.812
1435182483 0 34.812
1435182499 0 34.925
1435182515 0 34.925
1435182531 0 34.812
1435182546 0 34.925
1435182562 0 34.925
1435182578 0 34.925
1435182594 0 34.925
1435182609 0 34.925
1435182625 0 34.925
1435182641 0 34.925
1435182657 0 34.925
1435182672 0 34.925
1435182688 0 35.038
1435182704 0 35.038
1435182720 0 35.038
1435182735 0 35.038
1435182751 0 35.038
1435182767 0 35.038
1435182783 0 35.038
1435182798 0 35.038
1435182814 0 35.038
1435182830 0 35.038
1435182846 0 35.150
1435182861 0 35.150
1435182877 0 35.150
1435182893 0 35.150
1435182909 0 35.150
1435182924 0 35.150
1435182940 0 35.150
1435182956 0 35.150
1435182972 0 35.150
1435182987 0 35.150
1435183003 0 35.150
1435183019 0 35.263
1435183035 0 35.263
1435183050 0 35.263
1435183066 0 35.263
1435183082 0 35.263
1435183098 0 35.263
1435183114 0 35.263
1435183129 0 35.263
1435183145 0 35.263
1435183161 0 35.375
1435183176 0 35.375
1435183192 0 35.375
1435183208 0 35.375
1435183224 0 35.375
1435183240 0 35.375
1435183255 0 35.375
1435183271 0 35.375
1435183287 0 35.375
1435183303 0 35.487
1435183318 0 35.487
1435183334 0 35.487
1435183350 0 35.487
1435183366 0 35.487
1435183381 0 35.487
1435183397 0 35.487
1435183413 0 35.487
1435183429 0 35.487
1435183444 0 35.600
1435183460 0 35.600
1435183476 0 35.600
1435183492 0 35.600
1435183507 0 35.600
1435183523 0 35.600
1435183539 0 35.600
1435183555 0 35.600
1435183570 0 35.712
1435183586 0 35.712
1435183602 0 35.712
1435183618 0 35.712
1435183633 0 35.712
1435183649 0 35.712
1435183665 0 35.712
1435183681 0 35.712
1435183696 0 35.825
1435183712 0 35.825
1435183728 0 35.825
1435183744 0 35.825
1435183759 0 35.825
1435183775 0 35.825
1435183791 0 35.938
1435183807 0 35.825
1435183822 0 35.938
1435183838 0 35.938
1435183854 0 35.938
1435183870 0 35.938
1435183885 0 35.938
1435183901 0 35.938
1435183917 0 35.938
1435183933 0 36.050
1435183948 0 36.050
1435183964 0 36.050
1435183980 0 36.050
1435183996 0 36.050
1435184011 0 36.050
1435184027 0 36.050
1435184043 0 36.050
1435184059 0 36.163
1435184074 0 36.163
1435184090 0 36.163
1435184106 0 36.163
1435184122 0 36.163
1435184137 0 36.163
1435184153 0 36.163
1435184169 0 36.275
1435184185 0 36.163
1435184200 0 36.275
1435184216 0 36.275
1435184232 0 36.275
1435184248 0 36.275
1435184263 0 36.275
1435184279 0 36.275
1435184295 0 36.388
1435184311 0 36.388
1435184326 0 36.388
1435184342 0 36.388
1435184358 0 36.388
1435184374 0 36.388
1435184389 0 36.388
1435184405 0 36.500
1435184421 0 36.500
1435184437 0 36.500
1435184452 0 36.500
1435184468 0 36.500
1435184484 0 36.500
1435184500 0 36.500
1435184516 0 36.500
1435184531 0 36.612
1435184547 0 36.612
1435184563 0 36.612
1435184578 0 36.612
1435184594 0 36.612
1435184610 0 36.612
1435184626 0 36.612
1435184642 0 36.725
1435184657 0 36.725
1435184673 0 36.725
1435184689 0 36.725
1435184705 0 36.725
1435184720 0 36.725
1435184736 0 36.837
1435184752 0 36.837
1435184768 0 36.837
1435184783 0 36.837
1435184799 0 36.837
1435184815 0 36.837
1435184831 0 36.837
1435184846 0 36.837
1435184862 0 36.950
1435184878 0 36.950
1435184894 0 36.950
1435184909 0 36.950
1435184925 0 36.950
1435184941 0 36.950
1435184957 0 36.950
1435184972 0 37.062
1435184988 0 37.062
1435185004 0 37.062
1435185020 0 37.062
1435185035 0 37.062
1435185051 0 37.062
1435185067 0 37.062
1435185083 0 37.175
1435185098 0 37.175
1435185114 0 37.175
1435185130 0 37.175
1435185146 0 37.175
1435185161 0 37.175
1435185177 0 37.175
1435185193 0 37.288
1435185209 0 37.288
1435185224 0 37.288
1435185240 0 37.288
1435185256 0 37.288
1435185272 0 37.288
1435185287 0 37.400
1435185303 0 37.288
1435185319 0 37.400
1435185335 0 37.400
1435185350 0 37.400
1435185366 0 37.400
1435185382 0 37.400
1435185398 0 37.400
1435185413 0 37.513
1435185429 0 37.513
1435185445 0 37.513
1435185461 0 37.513
1435185476 0 37.513
1435185492 0 37.513
1435185508 0 37.513
1435185524 0 37.625
1435185539 0 37.625
1435185555 0 37.625
1435185571 0 37.625
1435185587 0 37.625
1435185602 0 37.625
1435185618 0 37.625
1435185634 0 37.625
1435185650 0 37.737
1435185665 0 37.737
1435185681 0 37.737
1435185697 0 37.737
1435185713 0 37.737
1435185729 0 37.737
1435185744 0 37.850
1435185760 0 37.850
1435185776 0 37.850
1435185791 0 37.850
1435185807 0 37.850
1435185823 0 37.850
1435185839 0 37.850
1435185855 0 37.962
1435185870 0 37.962
1435185886 0 37.962
1435185902 0 37.962
1435185917 0 37.962
1435185933 0 37.962
1435185949 0 37.962
1435185965 0 38.075
1435185981 0 38.075
1435185996 0 38.075
1435186012 0 38.075
1435186028 0 38.075
1435186044 0 38.075
1435186059 0 38.075
1435186075 0 38.188
1435186091 0 38.188
1435186107 0 38.188
1435186122 0 38.188
1435186138 0 38.188
1435186154 0 38.188
1435186170 0 38.300
1435186185 0 38.300
1435186201 0 38.300
1435186217 0 38.300
1435186233 0 38.300
1435186248 0 38.300
1435186264 0 38.300
1435186280 0 38.413
1435186296 0 38.413
1435186311 0 38.413
1435186327 0 38.413
1435186343 0 38.413
1435186359 0 38.413
1435186374 0 38.413
1435186390 0 38.525
1435186406 0 38.525
1435186422 0 38.525
1435186437 0 38.525
1435186453 0 38.525
1435186469 0 38.525
1435186485 0 38.525
1435186500 0 38.525
1435186516 0 38.638
1435186532 0 38.638
1435186548 0 38.638
1435186563 0 38.638
1435186579 0 38.638
1435186595 0 38.638
1435186611 0 38.750
1435186626 0 38.750
1435186642 0 38.750
1435186658 0 38.750
1435186674 0 38.750
1435186689 0 38.750
1435186705 0 38.750
1435186721 0 38.750
1435186737 0 38.750
1435186752 0 38.862
1435186768 0 38.862
1435186784 0 38.862
1435186800 0 38.862
1435186815 0 38.862
1435186831 0 38.975
1435186847 0 38.975
1435186863 0 38.975
1435186878 0 38.975
1435186894 0 38.975
1435186910 0 38.975
1435186926 0 38.975
1435186941 0 39.087
1435186957 0 39.087
1435186973 0 39.087
1435186989 0 39.087
1435187004 0 39.087
1435187020 0 39.087
1435187036 0 39.087
1435187052 0 39.087
1435187067 0 39.200
1435187083 0 39.200
1435187099 0 39.200
1435187115 0 39.200
1435187131 0 39.200
1435187146 0 39.200
1435187162 0 39.200
1435187178 0 39.312
1435187193 0 39.312
1435187209 0 39.312
1435187225 0 39.312
1435187241 0 39.312
1435187257 0 39.312
1435187272 0 39.312
1435187288 0 39.312
1435187304 0 39.425
1435187319 0 39.425
1435187335 0 39.425
1435187351 0 39.425
1435187367 0 39.425
1435187383 0 39.425
1435187398 0 39.538
1435187414 0 39.538
1435187430 0 39.538
1435187446 0 39.538
1435187461 0 39.538
1435187477 0 39.538
1435187493 0 39.538
1435187509 0 39.538
1435187524 0 39.650
1435187540 0 39.650
1435187556 0 39.650
1435187572 0 39.650
1435187587 0 39.650
1435187603 0 39.650
1435187619 0 39.763
1435187635 0 39.763
1435187650 0 39.763
1435187666 0 39.763
1435187682 0 39.763
1435187698 0 39.763
1435187713 0 39.763
1435187729 0 39.763
1435187745 0 39.875
1435187761 0 39.875
1435187776 0 39.875
1435187792 0 39.875
1435187808 0 39.875
1435187824 0 39.875
1435187839 0 39.875
1435187855 0 39.987
1435187871 0 39.875
1435187887 0 39.987
1435187902 0 39.987
1435187918 0 39.987
1435187934 0 39.987
1435187950 0 39.987
1435187965 0 40.100
1435187981 0 39.987
1435187997 0 40.100
1435188013 0 40.100
1435188028 0 40.100
1435188044 0 40.100
1435188060 0 40.100
1435188076 0 40.100
1435188091 0 40.212
1435188107 0 40.212
1435188123 0 40.212
1435188139 0 40.212
1435188154 0 40.212
1435188170 0 40.212
1435188186 0 40.212
1435188202 0 40.212
1435188217 0 40.325
1435188233 0 40.325
1435188249 0 40.325
1435188265 0 40.325
1435188280 0 40.325
1435188296 0 40.325
1435188312 0 40.325
1435188328 0 40.438
1435188343 0 40.438
1435188359 0 40.438
1435188375 0 40.438
1435188391 0 40.438
1435188406 0 40.438
1435188422 0 40.438
1435188438 0 40.550
1435188454 0 40.550
1435188469 0 40.550
1435188485 0 40.550
1435188501 0 40.550
1435188517 0 40.550
1435188532 0 40.550
1435188548 0 40.663
1435188564 0 40.663
1435188580 0 40.663
1435188595 0 40.663
1435188611 0 40.663
1435188627 0 40.663
1435188643 0 40.663
1435188658 0 40.663
1435188674 0 40.775
1435188690 0 40.775
1435188706 0 40.775
1435188721 0 40.775
1435188737 0 40.775
1435188753 0 40.775
1435188769 0 40.775
1435188785 0 40.888
1435188800 0 40.888
1435188816 0 40.888
1435188832 0 40.888
1435188847 0 40.888
1435188863 0 40.888
1435188879 0 40.888
1435188895 0 40.888
1435188911 0 40.888
1435188926 0 41.000
1435188942 0 41.000
1435188958 0 41.000
1435188973 0 41.000
1435188989 0 41.000
1435189005 0 41.000
1435189021 0 41.000
1435189037 0 41.112
1435189052 0 41.112
1435189068 0 41.112
1435189084 0 41.112
1435189100 0 41.112
1435189115 0 41.112
1435189131 0 41.112
1435189147 0 41.112
1435189163 0 41.225
1435189178 0 41.225
1435189194 0 41.225
1435189210 0 41.225
1435189226 0 41.225
1435189241 0 41.225
1435189257 0 41.225
1435189273 0 41.225
1435189289 0 41.337
1435189304 0 41.337
1435189320 0 41.337
1435189336 0 41.337
1435189352 0 41.337
1435189367 0 41.337
1435189383 0 41.337
1435189399 0 41.337
1435189415 0 41.450
1435189430 0 41.450
1435189446 0 41.450
1435189462 0 41.450
1435189478 0 41.450
1435189493 0 41.450
1435189509 0 41.450
1435189525 0 41.450
1435189541 0 41.562
1435189556 0 41.562
1435189572 0 41.562
1435189588 0 41.562
1435189604 0 41.562
1435189619 0 41.562
1435189635 0 41.562
1435189651 0 41.675
1435189667 0 41.675
1435189682 0 41.675
1435189698 0 41.675
1435189714 0 41.675
1435189730 0 41.675
1435189745 0 41.675
1435189761 0 41.788
1435189777 0 41.788
1435189793 0 41.788
1435189808 0 41.788
1435189824 0 41.788
1435189840 0 41.788
1435189856 0 41.788
1435189871 0 41.788
1435189887 0 41.788
1435189903 0 41.900
1435189919 0 41.900
1435189934 0 41.900
1435189950 0 41.900
1435189966 0 41.900
1435189982 0 41.900
1435189997 0 41.900
1435190013 0 41.900
1435190029 0 42.013
1435190045 0 42.013
1435190060 0 42.013
1435190076 0 42.013
1435190092 0 42.013
1435190108 0 42.013
1435190123 0 42.013
1435190139 0 42.125
1435190155 0 42.125
1435190171 0 42.125
1435190186 0 42.125
1435190202 0 42.125
1435190218 0 42.125
1435190234 0 42.125
1435190249 0 42.125
1435190265 0 42.125
1435190281 0 42.125
1435190297 0 42.237
1435190312 0 42.237
1435190328 0 42.237
1435190344 0 42.237
1435190360 0 42.237
1435190375 0 42.237
1435190391 0 42.237
1435190407 0 42.350
1435190423 0 42.350
1435190438 0 42.350
1435190454 0 42.350
1435190470 0 42.350
1435190486 0 42.350
1435190501 0 42.350
1435190517 0 42.350
1435190533 0 42.350
1435190549 0 42.462
1435190565 0 42.462
1435190580 0 42.462
1435190596 0 42.462
1435190612 0 42.462
1435190627 0 42.462
1435190643 0 42.462
1435190659 0 42.462
1435190675 0 42.575
1435190691 0 42.575
1435190706 0 42.575
1435190722 0 42.575
1435190738 0 42.575
1435190754 0 42.575
1435190769 0 42.575
1435190785 0 42.575
1435190801 0 42.575
1435190817 0 42.688
1435190832 0 42.688
1435190848 0 42.688
1435190864 0 42.688
1435190880 0 42.688
1435190895 0 42.688
1435190911 0 42.688
1435190927 0 42.688
1435190943 0 42.688
1435190958 0 42.800
1435190974 0 42.800
1435190990 0 42.800
1435191006 0 42.800
1435191021 0 42.800
1435191037 0 42.800
1435191053 0 42.800
1435191069 0 42.800
1435191084 0 42.800
1435191100 0 42.913
1435191116 0 42.913
1435191132 0 42.913
1435191147 0 42.913
1435191163 0 42.913
1435191179 0 42.913
1435191195 0 42.913
1435191210 0 42.913
1435191226 0 43.025
1435191242 0 43.025
1435191258 0 43.025
1435191273 0 43.025
1435191289 0 43.025
1435191305 0 43.025
1435191321 0 43.025
1435191336 0 43.025
1435191352 0 43.138
1435191368 0 43.138
1435191384 0 43.138
1435191399 0 43.138
1435191415 0 43.138
1435191431 0 43.138
1435191447 0 43.138
1435191462 0 43.138
1435191478 0 43.138
1435191494 0 43.250
1435191510 0 43.250
1435191525 0 43.250
1435191541 0 43.250
1435191557 0 43.250
1435191573 0 43.250
1435191588 0 43.250
1435191604 0 43.250
1435191620 0 43.362
1435191636 0 43.362
1435191651 0 43.362
1435191667 0 43.362
1435191683 0 43.362
1435191699 0 43.362
1435191714 0 43.362
1435191730 0 43.362
1435191746 0 43.362
1435191762 0 43.362
1435191778 0 43.475
1435191793 0 43.475
1435191809 0 43.475
1435191825 0 43.475
1435191840 0 43.475
1435191856 0 43.475
1435191872 0 43.475
1435191888 0 43.475
1435191904 1 43.587
1435191919 1 43.587
1435191935 1 43.587
1435191951 1 43.587
1435191966 1 43.587
1435191982 1 43.587
1435191998 1 43.587
1435192014 1 43.587
1435192030 1 43.587
1435192045 1 43.587
1435192061 1 43.587
1435192077 1 43.587
1435192093 1 43.587
1435192108 1 43.587
1435192124 1 43.700
1435192140 1 43.587
1435192156 1 43.587
1435192171 1 43.587
1435192187 1 43.587
1435192203 1 43.587
1435192219 1 43.587
1435192234 1 43.587
1435192250 1 43.587
1435192266 1 43.587
1435192282 1 43.587
1435192297 1 43.475
1435192313 1 43.475
1435192329 1 43.475
1435192345 1 43.475
1435192360 1 43.475
1435192376 1 43.362
1435192392 1 43.362
1435192408 1 43.362
1435192423 1 43.250
1435192439 1 43.250
1435192455 1 43.250
1435192471 1 43.138
1435192486 1 43.138
1435192502 1 43.138
1435192518 1 43.025
1435192534 1 43.025
1435192549 1 43.025
1435192565 1 42.913
1435192581 1 42.913
1435192597 1 42.913
1435192612 1 42.800
1435192628 1 42.800
1435192644 1 42.688
1435192660 1 42.688
1435192675 1 42.688
1435192691 1 42.575
1435192707 0 42.462
1435192723 0 42.462
1435192738 0 42.462
1435192754 0 42.350
1435192770 0 42.350
1435192786 0 42.350
1435192801 0 42.237
1435192817 0 42.125
1435192833 0 42.125
1435192849 0 42.013
1435192864 0 42.013
1435192880 0 42.013
1435192896 0 41.900
1435192912 0 41.900
1435192927 0 41.788
1435192943 0 41.788
1435192959 0 41.675
1435192975 0 41.675
1435192990 0 41.562
1435193006 0 41.562
1435193022 0 41.562
1435193038 0 41.450
1435193053 0 41.450
1435193069 0 41.337
1435193085 0 41.337
1435193101 0 41.337
1435193116 0 41.225
1435193132 0 41.225
1435193148 0 41.225
1435193164 0 41.112
1435193179 0 41.112
1435193195 0 41.112
1435193211 0 41.000
1435193227 0 41.000
1435193242 0 41.000
1435193258 0 41.000
1435193274 0 40.888
1435193290 0 40.888
1435193305 0 40.888
1435193321 0 40.775
1435193337 0 40.775
1435193353 0 40.775
1435193368 0 40.663
1435193384 0 40.663
1435193400 0 40.663
1435193416 0 40.663
1435193431 0 40.550
1435193447 0 40.550
1435193463 0 40.550
1435193479 0 40.550
1435193494 0 40.438
1435193510 0 40.438
1435193526 0 40.438
1435193542 0 40.438
1435193558 0 40.438
1435193573 0 40.438
1435193589 0 40.325
1435193605 0 40.325
1435193620 0 40.325
1435193636 0 40.325
1435193652 0 40.325
1435193668 0 40.325
1435193684 0 40.212
1435193699 0 40.212
1435193715 0 40.212
1435193731 0 40.212
1435193747 0 40.212
1435193762 0 40.212
1435193778 0 40.100
1435193794 0 40.100
1435193810 0 40.100
1435193825 0 40.100
1435193841 0 40.100
1435193857 0 40.100
1435193873 0 40.100
1435193888 0 40.100
1435193904 0 39.987
1435193920 0 39.987
1435193936 0 39.987
1435193951 0 39.987
1435193967 0 39.987
1435193983 0 39.987
1435193999 0 39.987
1435194014 0 39.987
1435194030 0 39.987
1435194046 0 39.987
1435194062 0 39.987
1435194077 0 39.987
1435194093 0 39.987
1435194109 0 39.875
1435194125 0 39.875
1435194140 0 39.875
1435194156 0 39.875
1435194172 0 39.875
1435194188 0 39.875
1435194203 0 39.875
1435194219 0 39.875
1435194235 0 39.875
1435194251 0 39.875
1435194266 0 39.875
1435194282 0 39.875
1435194298 0 39.875
1435194314 0 39.875
1435194329 0 39.875
1435194345 0 39.875
1435194361 0 39.875
1435194377 0 39.875
1435194392 0 39.875
1435194408 0 39.875
1435194424 0 39.875
1435194440 0 39.875
1435194455 0 39.875
1435194471 0 39.763
1435194487 0 39.875
1435194503 0 39.763
1435194518 0 39.763
1435194534 0 39.875
1435194550 0 39.763
1435194566 0 39.763
1435194581 0 39.763
1435194597 0 39.763
1435194613 0 39.763
1435194629 0 39.763
1435194644 0 39.763
1435194660 0 39.875
1435194676 0 39.875
1435194692 0 39.763
1435194707 0 39.875
1435194723 0 39.763
1435194739 0 39.763
1435194755 0 39.763
1435194770 0 39.763
1435194786 0 39.875
1435194802 0 39.875
1435194818 0 39.875
1435194833 0 39.875
1435194849 0 39.875
1435194865 0 39.875
1435194881 0 39.875
1435194896 0 39.875
1435194912 0 39.875
1435194928 0 39.875
1435194944 0 39.875
1435194959 0 39.875
1435194975 0 39.875
1435194991 0 39.875
1435195007 0 39.875
1435195022 0 39.875
1435195038 0 39.875
1435195054 0 39.875
1435195070 0 39.875
1435195086 0 39.875
1435195101 0 39.875
1435195117 0 39.875
1435195133 0 39.875
1435195148 0 39.875
1435195164 0 39.875
1435195180 0 39.875
1435195196 0 39.875
1435195212 0 39.875
1435195227 0 39.875
1435195243 0 39.875
1435195259 0 39.987
1435195274 0 39.987
1435195290 0 39.987
1435195306 0 39.987
1435195322 0 39.987
1435195338 0 39.987
1435195353 0 39.987
1435195369 0 39.987
1435195385 0 39.987
1435195400 0 39.987
1435195416 0 39.987
1435195432 0 39.987
1435195448 0 39.987
1435195464 0 39.987
1435195479 0 39.987
1435195495 0 39.987
1435195511 0 40.100
1435195527 0 40.100
1435195542 0 40.100
1435195558 0 40.100
1435195574 0 40.100
1435195590 0 40.100
1435195605 0 40.100
1435195621 0 40.100
1435195637 0 40.100
1435195653 0 40.100
1435195668 0 40.100
1435195684 0 40.100
1435195700 0 40.100
1435195716 0 40.100
1435195731 0 40.212
1435195747 0 40.212
1435195763 0 40.212
1435195779 0 40.212
1435195794 0 40.212
1435195810 0 40.212
1435195826 0 40.212
1435195842 0 40.212
1435195857 0 40.212
1435195873 0 40.212
1435195889 0 40.212
1435195905 0 40.325
1435195920 0 40.325
1435195936 0 40.325
1435195952 0 40.325
1435195968 0 40.325
1435195983 0 40.325
1435195999 0 40.325
1435196015 0 40.325
1435196031 0 40.325
1435196046 0 40.325
1435196062 0 40.325
1435196078 0 40.325
1435196094 0 40.438
1435196109 0 40.438
1435196125 0 40.438
1435196141 0 40.438
1435196157 0 40.438
1435196172 0 40.438
1435196188 0 40.438
1435196204 0 40.438
1435196220 0 40.438
1435196235 0 40.550
1435196251 0 40.550
1435196267 0 40.550
1435196283 0 40.550
1435196298 0 40.550
1435196314 0 40.550
1435196330 0 40.550
1435196346 0 40.550
1435196361 0 40.550
1435196377 0 40.550
1435196393 0 40.550
1435196409 0 40.663
1435196424 0 40.663
1435196440 0 40.663
1435196456 0 40.663
1435196472 0 40.663
1435196487 0 40.663
1435196503 0 40.663
1435196519 0 40.663
1435196535 0 40.775
1435196550 0 40.775
1435196566 0 40.775
1435196582 0 40.775
1435196598 0 40.775
1435196613 0 40.775
1435196629 0 40.775
1435196645 0 40.775
1435196661 0 40.775
1435196676 0 40.888
1435196692 0 40.888
1435196708 0 40.888
1435196724 0 40.888
1435196739 0 40.888
1435196755 0 40.888
1435196771 0 40.888
1435196787 0 40.888
1435196802 0 40.888
1435196818 0 41.000
1435196834 0 41.000
1435196850 0 41.000
1435196866 0 41.000
1435196881 0 41.000
1435196897 0 41.000
1435196913 0 41.000
1435196928 0 41.000
1435196944 0 41.000
1435196960 0 41.112
1435196976 0 41.112
1435196992 0 41.112
1435197007 0 41.112
1435197023 0 41.112
1435197039 0 41.112
1435197054 0 41.112
1435197070 0 41.112
1435197086 0 41.112
1435197102 0 41.225
1435197118 0 41.225
1435197133 0 41.225
1435197149 0 41.225
1435197165 0 41.225
1435197181 0 41.225
1435197196 0 41.225
1435197212 0 41.225
1435197228 0 41.225
1435197244 0 41.337
1435197259 0 41.337
1435197275 0 41.337
1435197291 0 41.337
1435197307 0 41.337
1435197322 0 41.337
1435197338 0 41.337
1435197354 0 41.337
1435197370 0 41.450
1435197385 0 41.450
1435197401 0 41.450
1435197417 0 41.450
1435197433 0 41.450
1435197448 0 41.450
1435197464 0 41.450
1435197480 0 41.450
1435197496 0 41.450
1435197511 0 41.562
1435197527 0 41.562
1435197543 0 41.562
1435197559 0 41.562
1435197574 0 41.562
1435197590 0 41.675
1435197606 0 41.562
1435197622 0 41.675
1435197637 0 41.675
1435197653 0 41.675
1435197669 0 41.675
1435197685 0 41.675
1435197700 0 41.675
1435197716 0 41.675
1435197732 0 41.675
1435197748 0 41.675
1435197763 0 41.675
1435197779 0 41.788
1435197795 0 41.788
1435197811 0 41.788
1435197826 0 41.788
1435197842 0 41.788
1435197858 0 41.788
1435197874 0 41.788
1435197889 0 41.900
1435197905 0 41.900
1435197921 0 41.900
1435197937 0 41.900
1435197952 0 41.900
1435197968 0 41.900
1435197984 0 41.900
1435198000 0 41.900
1435198015 0 41.900
1435198031 0 42.013
1435198047 0 42.013
1435198063 0 42.013
1435198079 0 42.013
1435198094 0 42.013
1435198110 0 42.013
1435198126 0 42.013
1435198141 0 42.125
1435198157 0 42.013
1435198173 0 42.125
1435198189 0 42.125
1435198205 0 42.125
1435198220 0 42.125
1435198236 0 42.125
1435198252 0 42.125
1435198267 0 42.125
1435198283 0 42.237
1435198299 0 42.237
1435198315 0 42.237
1435198331 0 42.237
1435198346 0 42.237
1435198362 0 42.237
1435198378 0 42.237
1435198394 0 42.237
1435198409 0 42.350
1435198425 0 42.350
1435198441 0 42.350
1435198457 0 42.350
1435198472 0 42.350
1435198488 0 42.350
1435198504 0 42.350
1435198520 0 42.350
1435198535 0 42.350
1435198551 0 42.462
1435198567 0 42.462
1435198583 0 42.462
1435198598 0 42.462
1435198614 0 42.462
1435198630 0 42.462
1435198646 0 42.462
1435198661 0 42.462
1435198677 0 42.462
1435198693 0 42.575
1435198709 0 42.575
1435198724 0 42.575
1435198740 0 42.575
1435198756 0 42.575
1435198772 0 42.575
1435198787 0 42.575
1435198803 0 42.575
1435198819 0 42.688
1435198835 0 42.688
1435198850 0 42.688
1435198866 0 42.688
1435198882 0 42.688
1435198898 0 42.688
1435198913 0 42.688
1435198929 0 42.688
1435198945 0 42.800
1435198961 0 42.800
1435198976 0 42.800
1435198992 0 42.800
1435199008 0 42.800
1435199024 0 42.800
1435199039 0 42.800
1435199055 0 42.800
1435199071 0 42.800
1435199087 0 42.913
1435199102 0 42.800
1435199118 0 42.913
1435199134 0 42.913
1435199150 0 42.913
1435199165 0 42.913
1435199181 0 42.913
1435199197 0 42.913
1435199213 0 43.025
1435199228 0 43.025
1435199244 0 43.025
1435199260 0 43.025
1435199276 0 43.025
1435199291 0 43.025
1435199307 0 43.025
1435199323 0 43.025
1435199339 0 43.025
1435199354 0 43.138
1435199370 0 43.138
1435199386 0 43.138
1435199402 0 43.138
1435199417 0 43.138
1435199433 0 43.138
1435199449 0 43.138
1435199465 0 43.138
1435199480 0 43.138
1435199496 0 43.250
1435199512 0 43.250
1435199528 0 43.250
1435199543 0 43.250
1435199559 0 43.250
1435199575 0 43.250
1435199591 0 43.250
1435199606 0 43.250
1435199622 0 43.362
1435199638 0 43.362
1435199654 0 43.362
1435199669 0 43.362
1435199685 0 43.362
1435199701 0 43.362
1435199717 0 43.362
1435199733 0 43.362
1435199748 0 43.362
1435199764 0 43.475
1435199780 0 43.475
1435199795 0 43.475
1435199811 0 43.475
1435199827 0 43.475
1435199843 0 43.475
1435199859 0 43.475
1435199874 0 43.475
1435199890 0 43.475
1435199906 0 43.475
1435199921 1 43.587
1435199937 1 43.587
1435199953 1 43.587
1435199969 1 43.587
1435199985 1 43.587
1435200000 1 43.587
1435200016 1 43.587
1435200032 1 43.587
1435200048 1 43.587
1435200063 1 43.700
1435200079 1 43.700
1435200095 1 43.587
1435200111 1 43.587
1435200126 1 43.700
1435200142 1 43.587
1435200158 1 43.587
1435200174 1 43.587
1435200189 1 43.587
1435200205 1 43.587
1435200221 1 43.587
1435200237 1 43.587
1435200252 1 43.587
1435200268 1 43.587
1435200284 1 43.475
1435200300 1 43.475
1435200315 1 43.475
1435200331 1 43.475
1435200347 1 43.362
1435200363 1 43.362
1435200378 1 43.362
1435200394 1 43.250
1435200410 1 43.250
1435200426 1 43.250
1435200441 1 43.138
1435200457 1 43.138
1435200473 1 43.138
1435200489 1 43.138
1435200504 1 43.025
1435200520 1 43.025
1435200536 1 42.913
1435200552 1 42.913
1435200567 1 42.800
1435200583 1 42.800
1435200599 1 42.800
1435200615 1 42.688
1435200630 1 42.688
1435200646 1 42.688
1435200662 1 42.575
1435200678 1 42.575
1435200693 0 42.462
1435200709 0 42.462
1435200725 0 42.350
1435200741 0 42.350
1435200756 0 42.237
1435200772 0 42.237
1435200788 0 42.125
1435200804 0 42.125
1435200819 0 42.013
1435200835 0 42.013
1435200851 0 42.013
1435200867 0 41.900
1435200882 0 41.788
1435200898 0 41.788
1435200914 0 41.675
1435200930 0 41.675
1435200945 0 41.562
1435200961 0 41.562
1435200977 0 41.562
1435200993 0 41.450
1435201008 0 41.450
1435201024 0 41.450
1435201040 0 41.337
1435201056 0 41.225
1435201071 0 41.225
1435201087 0 41.225
1435201103 0 41.112
1435201119 0 41.112
1435201134 0 41.112
1435201150 0 41.000
1435201166 0 41.000
1435201182 0 41.000
1435201197 0 40.888
1435201213 0 40.888
1435201229 0 40.888
1435201245 0 40.775
1435201261 0 40.775
1435201276 0 40.775
1435201292 0 40.663
1435201308 0 40.663
1435201323 0 40.663
1435201339 0 40.550
1435201355 0 40.550
1435201371 0 40.550
1435201387 0 40.550
1435201402 0 40.438
1435201418 0 40.438
1435201434 0 40.438
1435201449 0 40.325
1435201465 0 40.325
1435201481 0 40.325
1435201497 0 40.325
1435201513 0 40.325
1435201528 0 40.212
1435201544 0 40.212
1435201560 0 40.212
1435201576 0 40.100
1435201591 0 40.212
1435201607 0 40.100
1435201623 0 40.100
1435201639 0 40.100
1435201654 0 40.100
1435201670 0 40.100
1435201686 0 39.987
1435201702 0 39.987
1435201717 0 39.987
1435201733 0 39.987
1435201749 0 39.987
1435201765 0 39.987
1435201780 0 39.875
1435201796 0 39.875
1435201812 0 39.875
1435201828 0 39.875
1435201843 0 39.875
1435201859 0 39.875
1435201875 0 39.875
1435201891 0 39.875
1435201906 0 39.763
1435201922 0 39.763
1435201938 0 39.763
1435201954 0 39.763
1435201969 0 39.763
1435201985 0 39.763
1435202001 0 39.763
1435202017 0 39.763
1435202032 0 39.763
1435202048 0 39.763
1435202064 0 39.650
1435202080 0 39.650
1435202095 0 39.650
1435202111 0 39.650
1435202127 0 39.650
1435202143 0 39.650
1435202158 0 39.650
1435202174 0 39.650
1435202190 0 39.650
1435202206 0 39.650
1435202221 0 39.650
1435202237 0 39.650
1435202253 0 39.650
1435202269 0 39.538
1435202284 0 39.650
1435202300 0 39.650
1435202316 0 39.538
1435202332 0 39.538
1435202347 0 39.538
1435202363 0 39.538
1435202379 0 39.538
1435202395 0 39.538
1435202410 0 39.538
1435202426 0 39.538
1435202442 0 39.538
1435202458 0 39.538
1435202473 0 39.538
1435202489 0 39.538
1435202505 0 39.538
1435202521 0 39.538
1435202536 0 39.538
1435202552 0 39.538
1435202568 0 39.538
1435202584 0 39.538
1435202599 0 39.538
1435202615 0 39.538
1435202631 0 39.538
1435202647 0 39.538
1435202662 0 39.538
1435202678 0 39.538
1435202694 0 39.538
1435202710 0 39.538
1435202725 0 39.538
1435202741 0 39.538
1435202757 0 39.538
1435202773 0 39.538
1435202788 0 39.538
1435202804 0 39.538
1435202820 0 39.538
1435202836 0 39.538
1435202851 0 39.538
1435202867 0 39.538
1435202883 0 39.538
1435202899 0 39.538
1435202915 0 39.538
1435202930 0 39.538
1435202946 0 39.538
1435202962 0 39.538
1435202977 0 39.538
1435202993 0 39.538
1435203009 0 39.538
1435203025 0 39.538
1435203041 0 39.538
1435203056 0 39.538
1435203072 0 39.538
1435203088 0 39.538
1435203104 0 39.538
1435203119 0 39.538
1435203135 0 39.538
1435203151 0 39.538
1435203167 0 39.650
1435203182 0 39.538
1435203198 0 39.538
1435203214 0 39.650
1435203230 0 39.538
1435203245 0 39.650
1435203261 0 39.650
1435203277 0 39.650
1435203293 0 39.650
1435203308 0 39.650
1435203324 0 39.650
1435203340 0 39.650
1435203356 0 39.650
1435203371 0 39.650
1435203387 0 39.650
1435203403 0 39.650
1435203419 0 39.650
1435203434 0 39.650
1435203450 0 39.650
1435203466 0 39.650
1435203482 0 39.763
1435203497 0 39.650
1435203513 0 39.763
1435203529 0 39.650
1435203545 0 39.763
1435203560 0 39.763
1435203576 0 39.763
1435203592 0 39.763
1435203608 0 39.763
1435203623 0 39.763
1435203639 0 39.763
1435203655 0 39.763
1435203671 0 39.763
1435203686 0 39.763
1435203702 0 39.763
1435203718 0 39.763
1435203734 0 39.875
1435203749 0 39.875
1435203765 0 39.875
1435203781 0 39.875
1435203797 0 39.875
1435203812 0 39.875
1435203828 0 39.875
1435203844 0 39.875
1435203860 0 39.875
1435203875 0 39.875
1435203891 0 39.875
1435203907 0 39.875
1435203923 0 39.875
1435203938 0 39.987
1435203954 0 39.987
1435203970 0 39.987
1435203986 0 39.987
1435204001 0 39.987
1435204017 0 39.987
1435204033 0 39.987
1435204049 0 39.987
1435204064 0 39.987
1435204080 0 39.987
1435204096 0 39.987
1435204112 0 39.987
1435204128 0 40.100
1435204143 0 40.100
1435204159 0 40.100
1435204175 0 40.100
1435204190 0 40.100
1435204206 0 40.100
1435204222 0 40.100
1435204238 0 40.100
1435204254 0 40.100
1435204269 0 40.212
1435204285 0 40.212
1435204301 0 40.212
1435204316 0 40.212
1435204332 0 40.212
1435204348 0 40.212
1435204364 0 40.212
1435204380 0 40.212
1435204395 0 40.212
1435204411 0 40.212
1435204427 0 40.325
1435204443 0 40.325
1435204458 0 40.325
1435204474 0 40.325
1435204490 0 40.325
1435204506 0 40.325
1435204521 0 40.325
1435204537 0 40.325
1435204553 0 40.325
1435204569 0 40.438
1435204584 0 40.438
1435204600 0 40.438
1435204616 0 40.438
1435204632 0 40.438
1435204647 0 40.438
1435204663 0 40.438
1435204679 0 40.438
1435204695 0 40.438
1435204710 0 40.438
1435204726 0 40.438
1435204742 0 40.550
1435204758 0 40.550
1435204773 0 40.550
1435204789 0 40.550
1435204805 0 40.550
1435204821 0 40.550
1435204836 0 40.550
1435204852 0 40.550
1435204868 0 40.550
1435204884 0 40.663
1435204899 0 40.663
1435204915 0 40.663
1435204931 0 40.663
1435204947 0 40.663
1435204962 0 40.663
1435204978 0 40.663
1435204994 0 40.663
1435205010 0 40.663
1435205025 0 40.663
1435205041 0 40.775
1435205057 0 40.775
1435205073 0 40.775
1435205088 0 40.775
1435205104 0 40.775
1435205120 0 40.775
1435205136 0 40.775
1435205151 0 40.775
1435205167 0 40.888
1435205183 0 40.888
1435205199 0 40.888
1435205214 0 40.888
1435205230 0 40.888
1435205246 0 40.888
1435205262 0 40.888
1435205277 0 40.888
1435205293 0 40.888
1435205309 0 41.000
1435205325 0 41.000
1435205340 0 41.000
1435205356 0 41.000
1435205372 0 41.000
1435205388 0 41.000
1435205403 0 41.000
1435205419 0 41.000
1435205435 0 41.112
1435205451 0 41.112
1435205466 0 41.112
1435205482 0 41.112
1435205498 0 41.112
1435205514 0 41.112
1435205529 0 41.112
1435205545 0 41.112
1435205561 0 41.225
1435205577 0 41.225
1435205592 0 41.225
1435205608 0 41.225
1435205624 0 41.225
1435205640 0 41.225
1435205655 0 41.225
1435205671 0 41.225
1435205687 0 41.225
1435205703 0 41.337
1435205718 0 41.337
1435205734 0 41.337
1435205750 0 41.337
1435205766 0 41.337
1435205781 0 41.337
1435205797 0 41.337
1435205813 0 41.337
1435205829 0 41.450
1435205844 0 41.450
1435205860 0 41.450
1435205876 0 41.450
1435205892 0 41.450
1435205908 0 41.450
1435205923 0 41.450
1435205939 0 41.450
1435205955 0 41.562
1435205970 0 41.562
1435205986 0 41.562
1435206002 0 41.562
1435206018 0 41.562
1435206034 0 41.562
1435206049 0 41.562
1435206065 0 41.562
1435206081 0 41.562
1435206097 0 41.562
1435206112 0 41.675
1435206128 0 41.675
1435206144 0 41.675
1435206160 0 41.675
1435206175 0 41.675
1435206191 0 41.675
1435206207 0 41.788
1435206223 0 41.788
1435206238 0 41.788
1435206254 0 41.788
1435206270 0 41.788
1435206286 0 41.788
1435206301 0 41.788
1435206317 0 41.788
1435206333 0 41.788
1435206349 0 41.900
1435206364 0 41.900
1435206380 0 41.900
1435206396 0 41.900
1435206412 0 41.900
1435206427 0 41.900
1435206443 0 41.900
1435206459 0 41.900
1435206475 0 41.900
1435206490 0 42.013
1435206506 0 42.013
1435206522 0 42.013
1435206538 0 42.013
1435206553 0 42.013
1435206569 0 42.013
1435206585 0 42.013
1435206601 0 42.013
1435206616 0 42.125
1435206632 0 42.125
1435206648 0 42.125
1435206664 0 42.125
1435206679 0 42.125
1435206695 0 42.125
1435206711 0 42.125
1435206727 0 42.125
1435206742 0 42.125
1435206758 0 42.237
1435206774 0 42.237
1435206790 0 42.237
1435206805 0 42.237
1435206821 0 42.237
1435206837 0 42.237
1435206853 0 42.237
1435206868 0 42.350
1435206884 0 42.350
1435206900 0 42.350
1435206916 0 42.350
1435206931 0 42.350
1435206947 0 42.350
1435206963 0 42.350
1435206979 0 42.350
1435206994 0 42.350
1435207010 0 42.462
1435207026 0 42.462
1435207042 0 42.462
1435207057 0 42.462
1435207073 0 42.462
1435207089 0 42.462
1435207105 0 42.462
1435207120 0 42.462
1435207136 0 42.575
1435207152 0 42.575
1435207168 0 42.575
1435207183 0 42.575
1435207199 0 42.575
1435207215 0 42.575
1435207231 0 42.575
1435207246 0 42.575
1435207262 0 42.688
1435207278 0 42.688
1435207294 0 42.688
1435207309 0 42.688
1435207325 0 42.688
1435207341 0 42.688
1435207357 0 42.688
1435207372 0 42.688
1435207388 0 42.800
1435207404 0 42.800
1435207420 0 42.800
1435207436 0 42.800
1435207451 0 42.800
1435207467 0 42.800
1435207483 0 42.800
1435207498 0 42.800
1435207514 0 42.800
1435207530 0 42.913
1435207546 0 42.913
1435207562 0 42.913
1435207577 0 42.913
1435207593 0 42.913
1435207609 0 42.913
1435207624 0 42.913
1435207640 0 42.913
1435207656 0 42.913
1435207672 0 43.025
1435207688 0 43.025
1435207703 0 43.025
1435207719 0 43.025
1435207735 0 43.025
1435207751 0 43.025
1435207766 0 43.025
1435207782 0 43.025
1435207798 0 43.138
1435207814 0 43.138
1435207829 0 43.138
1435207845 0 43.138
1435207861 0 43.138
1435207877 0 43.138
1435207892 0 43.138
1435207908 0 43.250
1435207924 0 43.138
1435207940 0 43.250
1435207955 0 43.250
1435207971 0 43.250
1435207987 0 43.250
1435208003 0 43.250
1435208018 0 43.250
1435208034 0 43.250
1435208050 0 43.250
1435208066 0 43.362
1435208081 0 43.362
1435208097 0 43.362
1435208113 0 43.362
1435208129 0 43.362
1435208144 0 43.362
1435208160 0 43.362
1435208176 0 43.362
1435208192 0 43.362
1435208207 0 43.475
1435208223 0 43.475
1435208239 0 43.475
1435208255 0 43.475
1435208270 0 43.475
1435208286 0 43.475
1435208302 0 43.475
1435208318 0 43.475
1435208333 1 43.587
1435208349 1 43.587
1435208365 1 43.587
1435208381 1 43.587
1435208396 1 43.587
1435208412 1 43.587
1435208428 1 43.587
1435208444 1 43.587
1435208459 1 43.587
1435208475 1 43.587
1435208491 1 43.587
1435208507 1 43.587
1435208522 1 43.587
1435208538 1 43.587
1435208554 1 43.587
1435208570 1 43.587
1435208585 1 43.587
1435208601 1 43.587
1435208617 1 43.587
1435208633 1 43.587
1435208648 1 43.587
1435208664 1 43.587
1435208680 1 43.587
1435208696 1 43.587
1435208711 1 43.587
1435208727 1 43.475
1435208743 1 43.475
1435208759 1 43.475
1435208774 1 43.475
1435208790 1 43.362
1435208806 1 43.362
1435208822 1 43.362
1435208837 1 43.250
1435208853 1 43.250
1435208869 1 43.250
1435208885 1 43.250
1435208900 1 43.138
1435208916 1 43.138
1435208932 1 43.138
1435208948 1 43.025
1435208963 1 43.025
1435208979 1 42.913
1435208995 1 42.913
1435209011 1 42.913
1435209026 1 42.800
1435209042 1 42.800
1435209058 1 42.688
1435209074 1 42.688
1435209090 1 42.688
1435209105 1 42.575
1435209121 1 42.575
1435209137 0 42.462
1435209152 0 42.462
1435209168 0 42.462
1435209184 0 42.350
1435209200 0 42.350
1435209216 0 42.237
1435209231 0 42.237
1435209247 0 42.125
1435209263 0 42.125
1435209278 0 42.013
1435209294 0 42.013
1435209310 0 41.900
1435209326 0 41.900
1435209342 0 41.788
1435209357 0 41.788
1435209373 0 41.675
1435209389 0 41.675
1435209405 0 41.675
1435209420 0 41.562
1435209436 0 41.562
1435209452 0 41.562
1435209468 0 41.450
1435209483 0 41.450
1435209499 0 41.337
1435209515 0 41.337
1435209531 0 41.225
1435209546 0 41.225
1435209562 0 41.225
1435209578 0 41.112
1435209594 0 41.112
1435209609 0 41.112
1435209625 0 41.000
1435209641 0 41.000
1435209657 0 41.000
1435209672 0 40.888
1435209688 0 40.888
1435209704 0 40.888
1435209720 0 40.775
1435209735 0 40.775
1435209751 0 40.775
1435209767 0 40.663
1435209783 0 40.663
1435209798 0 40.663
1435209814 0 40.663
1435209830 0 40.550
1435209846 0 40.550
1435209861 0 40.550
1435209877 0 40.550
1435209893 0 40.438
1435209909 0 40.438
1435209924 0 40.438
1435209940 0 40.438
1435209956 0 40.438
1435209972 0 40.325
1435209987 0 40.325
1435210003 0 40.325
1435210019 0 40.325
1435210035 0 40.325
1435210050 0 40.212
1435210066 0 40.212
1435210082 0 40.212
1435210098 0 40.212
1435210113 0 40.212
1435210129 0 40.212
1435210145 0 40.100
1435210161 0 40.100
1435210176 0 40.100
1435210192 0 40.100
1435210208 0 40.100
1435210224 0 40.100
1435210239 0 40.100
1435210255 0 39.987
1435210271 0 39.987
1435210287 0 39.987
1435210302 0 39.987
1435210318 0 39.987
1435210334 0 39.987
1435210350 0 39.987
1435210365 0 39.987
1435210381 0 39.987
1435210397 0 39.987
1435210413 0 39.875
1435210428 0 39.875
1435210444 0 39.875
1435210460 0 39.875
1435210476 0 39.875
1435210491 0 39.875
1435210507 0 39.875
1435210523 0 39.875
1435210539 0 39.875
1435210555 0 39.875
1435210570 0 39.875
1435210586 0 39.763
1435210602 0 39.763
1435210617 0 39.763
1435210633 0 39.763
1435210649 0 39.763
1435210665 0 39.763
1435210681 0 39.763
1435210696 0 39.763
1435210712 0 39.763
1435210728 0 39.763
1435210743 0 39.763
1435210759 0 39.763
1435210775 0 39.763
1435210791 0 39.763
1435210807 0 39.763
1435210822 0 39.763
1435210838 0 39.763
1435210854 0 39.763
1435210870 0 39.763
1435210885 0 39.763
1435210901 0 39.763
1435210917 0 39.763
1435210933 0 39.763
1435210948 0 39.763
1435210964 0 39.763
1435210980 0 39.763
1435210996 0 39.763
1435211011 0 39.763
1435211027 0 39.650
1435211043 0 39.763
1435211059 0 39.763
1435211074 0 39.763
1435211090 0 39.763
1435211106 0 39.763
1435211122 0 39.763
1435211137 0 39.763
1435211153 0 39.763
1435211169 0 39.763
1435211185 0 39.763
1435211200 0 39.763
1435211216 0 39.763
1435211232 0 39.763
1435211248 0 39.763
1435211263 0 39.763
1435211279 0 39.763
1435211295 0 39.763
1435211311 0 39.763
1435211326 0 39.763
1435211342 0 39.763
1435211358 0 39.763
1435211374 0 39.763
1435211389 0 39.763
1435211405 0 39.763
1435211421 0 39.763
1435211437 0 39.763
1435211452 0 39.763
1435211468 0 39.763
1435211484 0 39.763
1435211500 0 39.763
1435211515 0 39.763
1435211531 0 39.763
1435211547 0 39.763
1435211563 0 39.763
1435211578 0 39.763
1435211594 0 39.763
1435211610 0 39.763
1435211626 0 39.763
1435211641 0 39.763
1435211657 0 39.763
1435211673 0 39.763
1435211689 0 39.875
1435211704 0 39.875
1435211720 0 39.875
1435211736 0 39.875
1435211752 0 39.875
1435211767 0 39.875
1435211783 0 39.875
1435211799 0 39.875
1435211815 0 39.875
1435211830 0 39.875
1435211846 0 39.875
1435211862 0 39.875
1435211878 0 39.875
1435211893 0 39.875
1435211909 0 39.875
1435211925 0 39.875
1435211941 0 39.875
1435211956 0 39.987
1435211972 0 39.987
1435211988 0 39.987
1435212004 0 39.987
1435212019 0 39.987
1435212035 0 39.987
1435212051 0 39.987
1435212067 0 39.987
1435212082 0 39.987
1435212098 0 39.987
1435212114 0 39.987
1435212130 0 39.987
1435212145 0 39.987
1435212161 0 39.987
1435212177 0 40.100
1435212193 0 40.100
1435212209 0 40.100
1435212224 0 40.100
1435212240 0 40.100
1435212256 0 40.100
1435212271 0 40.100
1435212287 0 40.100
1435212303 0 40.100
1435212319 0 40.100
1435212335 0 40.100
1435212350 0 40.100
1435212366 0 40.212
1435212382 0 40.212
1435212398 0 40.212
1435212413 0 40.212
1435212429 0 40.212
1435212445 0 40.212
1435212461 0 40.212
1435212476 0 40.212
1435212492 0 40.212
1435212508 0 40.212
1435212524 0 40.212
1435212539 0 40.325
1435212555 0 40.325
1435212571 0 40.325
1435212587 0 40.325
1435212602 0 40.325
1435212618 0 40.325
1435212634 0 40.325
1435212650 0 40.325
1435212665 0 40.325
1435212681 0 40.325
1435212697 0 40.438
1435212713 0 40.438
1435212728 0 40.438
1435212744 0 40.438
1435212760 0 40.438
1435212776 0 40.438
1435212791 0 40.438
1435212807 0 40.438
1435212823 0 40.438
1435212839 0 40.438
1435212854 0 40.550
1435212870 0 40.550
1435212886 0 40.550
1435212902 0 40.550
1435212917 0 40.550
1435212933 0 40.550
1435212949 0 40.550
1435212965 0 40.550
1435212980 0 40.663
1435212996 0 40.550
1435213012 0 40.663
1435213028 0 40.663
1435213043 0 40.663
1435213059 0 40.663
1435213075 0 40.663
1435213091 0 40.663
1435213106 0 40.663
1435213122 0 40.663
1435213138 0 40.663
1435213154 0 40.663
1435213169 0 40.775
1435213185 0 40.775
1435213201 0 40.775
1435213217 0 40.775
1435213232 0 40.775
1435213248 0 40.775
1435213264 0 40.775
1435213280 0 40.775
1435213295 0 40.888
1435213311 0 40.888
1435213327 0 40.888
1435213343 0 40.888
1435213358 0 40.888
1435213374 0 40.888
1435213390 0 40.888
1435213406 0 40.888
1435213421 0 40.888
1435213437 0 41.000
1435213453 0 41.000
1435213469 0 41.000
1435213484 0 41.000
1435213500 0 41.000
1435213516 0 41.000
1435213532 0 41.000
1435213547 0 41.112
1435213563 0 41.000
1435213579 0 41.000
1435213595 0 41.112
1435213610 0 41.112
1435213626 0 41.112
1435213642 0 41.112
1435213658 0 41.112
1435213673 0 41.112
1435213689 0 41.112
1435213705 0 41.112
1435213721 0 41.112
1435213736 0 41.225
1435213752 0 41.225
1435213768 0 41.225
1435213784 0 41.225
1435213799 0 41.225
1435213815 0 41.225
1435213831 0 41.225
1435213847 0 41.225
1435213863 0 41.337
1435213878 0 41.337
1435213894 0 41.337
1435213910 0 41.337
1435213925 0 41.337
1435213941 0 41.337
1435213957 0 41.337
1435213973 0 41.337
1435213989 0 41.337
1435214004 0 41.450
1435214020 0 41.450
1435214036 0 41.450
1435214051 0 41.450
1435214067 0 41.450
1435214083 0 41.450
1435214099 0 41.450
1435214115 0 41.450
1435214130 0 41.562
1435214146 0 41.562
1435214162 0 41.562
1435214178 0 41.562
1435214193 0 41.562
1435214209 0 41.562
1435214225 0 41.562
1435214241 0 41.675
1435214256 0 41.675
1435214272 0 41.675
1435214288 0 41.675
1435214304 0 41.675
1435214319 0 41.675
1435214335 0 41.675
1435214351 0 41.675
1435214367 0 41.675
1435214382 0 41.788
1435214398 0 41.675
1435214414 0 41.788
1435214430 0 41.788
1435214445 0 41.788
1435214461 0 41.788
1435214477 0 41.788
1435214493 0 41.788
1435214508 0 41.788
1435214524 0 41.900
1435214540 0 41.900
1435214556 0 41.900
1435214571 0 41.900
1435214587 0 41.900
1435214603 0 41.900
1435214619 0 41.900
1435214634 0 41.900
1435214650 0 41.900
1435214666 0 42.013
1435214682 0 42.013
1435214697 0 42.013
1435214713 0 42.013
1435214729 0 42.013
1435214745 0 42.013
1435214760 0 42.013
1435214776 0 42.013
1435214792 0 42.125
1435214808 0 42.125
1435214823 0 42.125
1435214839 0 42.125
1435214855 0 42.125
1435214871 0 42.125
1435214886 0 42.125
1435214902 0 42.125
1435214918 0 42.125
1435214934 0 42.237
1435214949 0 42.237
1435214965 0 42.237
1435214981 0 42.237
1435214997 0 42.237
1435215012 0 42.237
1435215028 0 42.237
1435215044 0 42.237
1435215060 0 42.350
1435215075 0 42.350
1435215091 0 42.350
1435215107 0 42.350
1435215123 0 42.350
1435215138 0 42.350
1435215154 0 42.350
1435215170 0 42.350
1435215186 0 42.350
1435215201 0 42.350
1435215217 0 42.462
1435215233 0 42.462
1435215249 0 42.462
1435215264 0 42.462
1435215280 0 42.462
1435215296 0 42.462
1435215312 0 42.462
1435215327 0 42.575
1435215343 0 42.575
1435215359 0 42.575
1435215375 0 42.575
1435215391 0 42.575
1435215406 0 42.575
1435215422 0 42.575
1435215438 0 42.575
1435215453 0 42.575
1435215469 0 42.688
1435215485 0 42.688
1435215501 0 42.688
1435215517 0 42.688
1435215532 0 42.688
1435215548 0 42.688
1435215564 0 42.688
1435215579 0 42.688
1435215595 0 42.688
1435215611 0 42.800
1435215627 0 42.800
1435215643 0 42.800
1435215658 0 42.800
1435215674 0 42.800
1435215690 0 42.800
1435215706 0 42.800
1435215721 0 42.800
1435215737 0 42.800
1435215753 0 42.913
1435215769 0 42.913
1435215784 0 42.913
1435215800 0 42.913
1435215816 0 42.913
1435215832 0 42.913
1435215847 0 42.913
1435215863 0 42.913
1435215879 0 42.913
1435215895 0 43.025
1435215910 0 43.025
1435215926 0 43.025
1435215942 0 43.025
1435215958 0 43.025
1435215973 0 43.025
1435215989 0 43.025
1435216005 0 43.025
1435216021 0 43.138
1435216036 0 43.138
1435216052 0 43.138
1435216068 0 43.138
1435216084 0 43.138
1435216099 0 43.138
1435216115 0 43.138
1435216131 0 43.138
1435216147 0 43.138
1435216162 0 43.250
1435216178 0 43.250
1435216194 0 43.250
1435216210 0 43.250
1435216225 0 43.250
1435216241 0 43.250
1435216257 0 43.250
1435216273 0 43.250
1435216288 0 43.362
1435216304 0 43.362
1435216320 0 43.362
1435216336 0 43.362
1435216351 0 43.362
1435216367 0 43.362
1435216383 0 43.362
1435216399 0 43.362
1435216414 0 43.362
1435216430 0 43.362
1435216446 0 43.475
1435216462 0 43.475
1435216477 0 43.475
1435216493 0 43.475
1435216509 0 43.475
1435216525 0 43.475
1435216540 0 43.475
1435216556 0 43.475
1435216572 1 43.587
1435216588 1 43.587
1435216603 1 43.587
1435216619 1 43.587
1435216635 1 43.587
1435216651 1 43.587
1435216666 1 43.587
1435216682 1 43.587
1435216698 1 43.587
1435216714 1 43.587
1435216729 1 43.587
1435216745 1 43.587
1435216761 1 43.587
1435216777 1 43.587
1435216792 1 43.587
1435216808 1 43.587
1435216824 1 43.587
1435216840 1 43.587
1435216855 1 43.587
1435216871 1 43.587
1435216887 1 43.587
1435216903 1 43.587
1435216918 1 43.475
1435216934 1 43.475
1435216950 1 43.475
1435216966 1 43.475
1435216982 1 43.362
1435216997 1 43.362
1435217013 1 43.362
1435217029 1 43.250
1435217044 1 43.250
1435217060 1 43.250
1435217076 1 43.250
1435217092 1 43.138
1435217108 1 43.138
1435217123 1 43.138
1435217139 1 43.025
1435217155 1 43.025
1435217171 1 43.025
1435217186 1 42.913
1435217202 1 42.913
1435217218 1 42.913
1435217234 1 42.800
1435217249 1 42.800
1435217265 1 42.688
1435217281 1 42.688
1435217297 1 42.688
1435217312 1 42.575
1435217328 1 42.575
1435217344 0 42.462
1435217360 0 42.462
1435217375 0 42.350
1435217391 0 42.350
1435217407 0 42.237
1435217423 0 42.237
1435217438 0 42.237
1435217454 0 42.125
1435217470 0 42.125
1435217486 0 42.013
1435217501 0 41.900
1435217517 0 41.900
1435217533 0 41.900
1435217549 0 41.788
1435217564 0 41.788
1435217580 0 41.675
1435217596 0 41.675
1435217612 0 41.562
1435217627 0 41.562
1435217643 0 41.562
1435217659 0 41.450
1435217675 0 41.450
1435217690 0 41.337
1435217706 0 41.337
1435217722 0 41.337
1435217738 0 41.225
1435217753 0 41.225
1435217769 0 41.112
1435217785 0 41.112
1435217801 0 41.112
1435217816 0 41.000
1435217832 0 41.000
1435217848 0 41.000
1435217864 0 40.888
1435217879 0 40.888
1435217895 0 40.775
1435217911 0 40.775
1435217927 0 40.775
1435217942 0 40.775
1435217958 0 40.663
1435217974 0 40.663
1435217990 0 40.663
1435218005 0 40.550
1435218021 0 40.550
1435218037 0 40.550
1435218053 0 40.438
1435218068 0 40.438
1435218084 0 40.438
1435218100 0 40.438
1435218116 0 40.438
1435218131 0 40.438
1435218147 0 40.325
1435218163 0 40.325
1435218179 0 40.325
1435218194 0 40.212
1435218210 0 40.212
1435218226 0 40.212
1435218242 0 40.212
1435218257 0 40.212
1435218273 0 40.212
1435218289 0 40.100
1435218305 0 40.100
1435218320 0 40.100
1435218336 0 40.100
1435218352 0 40.100
1435218368 0 39.987
1435218383 0 39.987
1435218399 0 39.987
1435218415 0 39.987
1435218431 0 39.987
1435218446 0 39.987
1435218462 0 39.987
1435218478 0 39.987
1435218494 0 39.875
1435218510 0 39.875
1435218525 0 39.875
1435218541 0 39.875
1435218557 0 39.875
1435218572 0 39.875
1435218588 0 39.875
1435218604 0 39.875
1435218620 0 39.875
1435218636 0 39.763
1435218651 0 39.763
1435218667 0 39.763
1435218683 0 39.763
1435218699 0 39.763
1435218714 0 39.763
1435218730 0 39.763
1435218746 0 39.763
1435218762 0 39.763
1435218777 0 39.763
1435218793 0 39.763
1435218809 0 39.763
1435218825 0 39.650
1435218840 0 39.650
1435218856 0 39.650
1435218872 0 39.650
1435218888 0 39.650
1435218903 0 39.650
1435218919 0 39.650
1435218935 0 39.650
1435218951 0 39.650
1435218966 0 39.650
1435218982 0 39.650
1435218998 0 39.650
1435219014 0 39.650
1435219029 0 39.650
1435219045 0 39.650
1435219061 0 39.650
1435219077 0 39.650
1435219092 0 39.650
1435219108 0 39.538
1435219124 0 39.650
1435219140 0 39.650
1435219155 0 39.650
1435219171 0 39.538
1435219187 0 39.650
1435219203 0 39.538
1435219218 0 39.538
1435219234 0 39.538
1435219250 0 39.538
1435219266 0 39.650
1435219281 0 39.538
1435219297 0 39.538
1435219313 0 39.538
1435219329 0 39.538
1435219344 0 39.538
1435219360 0 39.538
1435219376 0 39.538
1435219392 0 39.538
1435219407 0 39.538
1435219423 0 39.538
1435219439 0 39.538
1435219455 0 39.538
1435219470 0 39.538
1435219486 0 39.538
1435219502 0 39.538
1435219518 0 39.538
1435219533 0 39.538
1435219549 0 39.538
1435219565 0 39.650
1435219581 0 39.538
1435219596 0 39.538
1435219612 0 39.650
1435219628 0 39.650
1435219644 0 39.650
1435219659 0 39.650
1435219675 0 39.650
1435219691 0 39.650
1435219707 0 39.650
1435219722 0 39.650
1435219738 0 39.650
1435219754 0 39.650
1435219770 0 39.650
1435219785 0 39.650
1435219801 0 39.650
1435219817 0 39.650
1435219833 0 39.650
1435219848 0 39.650
1435219864 0 39.650
1435219880 0 39.650
1435219896 0 39.650
1435219911 0 39.650
1435219927 0 39.650
1435219943 0 39.650
1435219959 0 39.650
1435219974 0 39.650
1435219990 0 39.650
1435220006 0 39.650
1435220022 0 39.650
1435220037 0 39.650
1435220053 0 39.650
1435220069 0 39.763
1435220085 0 39.763
1435220100 0 39.763
1435220116 0 39.763
1435220132 0 39.763
1435220148 0 39.763
1435220163 0 39.763
1435220179 0 39.763
1435220195 0 39.763
1435220211 0 39.763
1435220226 0 39.763
1435220242 0 39.763
1435220258 0 39.763
1435220274 0 39.763
1435220290 0 39.763
1435220305 0 39.875
1435220321 0 39.875
1435220337 0 39.875
1435220352 0 39.875
1435220368 0 39.875
1435220384 0 39.875
1435220400 0 39.875
1435220416 0 39.875
1435220431 0 39.875
1435220447 0 39.875
1435220463 0 39.875
1435220479 0 39.875
1435220494 0 39.875
1435220510 0 39.987
1435220526 0 39.987
1435220542 0 39.987
1435220557 0 39.987
1435220573 0 39.987
1435220589 0 39.987
1435220605 0 39.987
1435220620 0 39.987
1435220636 0 39.987
1435220652 0 39.987
1435220668 0 39.987
1435220683 0 39.987
1435220699 0 39.987
1435220715 0 40.100
1435220731 0 40.100
1435220746 0 40.100
1435220762 0 40.100
1435220778 0 40.100
1435220794 0 40.100
1435220809 0 40.100
1435220825 0 40.100
1435220841 0 40.100
1435220857 0 40.100
1435220872 0 40.100
1435220888 0 40.212
1435220904 0 40.212
1435220920 0 40.212
1435220935 0 40.212
1435220951 0 40.212
1435220967 0 40.212
1435220983 0 40.212
1435220998 0 40.212
1435221014 0 40.212
1435221030 0 40.212
1435221046 0 40.212
1435221061 0 40.325
1435221077 0 40.325
1435221093 0 40.325
1435221109 0 40.325
1435221124 0 40.325
1435221140 0 40.325
1435221156 0 40.325
1435221172 0 40.325
1435221187 0 40.325
1435221203 0 40.325
1435221219 0 40.438
