1435262369 43.000 1 64.850 32.000
1435262385 43.000 1 64.625 32.000
1435262401 43.000 1 64.625 32.000
1435262417 43.000 1 64.513 32.000
1435262432 43.000 1 64.400 32.000
1435262448 43.000 1 64.287 32.000
1435262464 43.000 1 64.287 32.000
1435262480 43.000 1 64.175 32.000
1435262495 43.000 1 64.062 32.000
1435262511 43.000 1 63.950 32.000
1435262527 43.000 1 63.837 32.000
1435262543 43.000 1 63.612 32.000
1435262558 43.000 1 63.500 32.000
1435262574 43.000 1 63.388 32.000
1435262590 43.000 1 63.275 32.000
1435262606 43.000 1 63.050 32.000
1435262621 43.000 1 62.938 32.000
1435262637 43.000 1 62.712 32.000
1435262653 43.000 1 62.487 32.000
1435262669 43.000 1 62.375 32.000
1435262684 43.000 1 62.150 32.000
1435262700 43.000 1 61.812 32.000
1435262716 43.000 1 61.587 32.000
1435262732 43.000 1 61.362 32.000
1435262747 43.000 1 61.138 32.000
1435262763 43.000 1 60.913 32.000
1435262779 43.000 1 60.688 32.000
1435262795 43.000 1 60.350 32.000
1435262810 43.000 1 60.125 32.000
1435262826 43.000 1 59.788 32.000
1435262842 43.000 1 59.562 32.000
1435262858 43.000 1 59.337 32.000
1435262873 43.000 1 59.000 32.000
1435262889 43.000 1 58.775 32.000
1435262905 43.000 1 58.438 32.000
1435262921 43.000 1 58.212 32.000
1435262936 43.000 1 57.875 32.000
1435262952 43.000 1 57.650 32.000
1435262968 43.000 1 57.425 32.000
1435262984 43.000 1 57.087 32.000
1435262999 43.000 1 56.862 32.000
1435263015 43.000 1 56.525 32.000
1435263031 43.000 1 56.300 32.000
1435263047 43.000 1 55.962 32.000
1435263062 43.000 1 55.737 32.000
1435263078 43.000 1 55.400 32.000
1435263094 43.000 1 55.737 32.000
1435263110 43.000 1 57.087 32.000
1435263125 43.000 1 57.650 32.000
1435263141 43.000 1 58.212 32.000
1435263157 43.000 1 58.663 32.000
1435263173 43.000 1 59.112 32.000
1435263188 43.000 1 59.337 32.000
1435263204 43.000 1 59.675 32.000
1435263220 43.000 1 59.900 32.000
1435263236 43.000 1 60.125 32.000
1435263251 43.000 1 60.237 32.000
1435263267 43.000 1 60.350 32.000
1435263283 43.000 1 60.462 32.000
1435263299 43.000 1 60.575 32.000
1435263314 43.000 1 60.688 32.000
1435263330 43.000 1 60.688 32.000
1435263346 43.000 1 60.688 32.000
1435263362 43.000 1 60.800 32.000
1435263378 43.000 1 60.688 32.000
1435263393 43.000 1 60.688 32.000
1435263409 43.000 1 60.688 32.000
1435263425 43.000 1 60.575 32.000
1435263440 43.000 1 60.575 32.000
1435263456 43.000 1 60.462 32.000
1435263472 43.000 1 60.350 32.000
1435263488 43.000 1 60.350 32.000
1435263504 43.000 1 60.237 32.000
1435263519 43.000 1 60.125 32.000
1435263535 43.000 1 60.013 32.000
1435263551 43.000 1 59.900 32.000
1435263567 43.000 1 59.788 32.000
1435263582 43.000 1 59.675 32.000
1435263598 43.000 1 59.562 32.000
1435263614 43.000 1 59.450 32.000
1435263630 43.000 1 59.337 32.000
1435263645 43.000 1 59.225 32.000
1435263661 43.000 1 59.112 32.000
1435263677 43.000 1 59.000 32.000
1435263693 43.000 1 58.888 32.000
1435263708 43.000 1 58.775 32.000
1435263724 43.000 1 58.663 32.000
1435263740 43.000 1 58.550 32.000
1435263756 43.000 1 58.325 32.000
1435263771 43.000 1 58.212 32.000
1435263787 43.000 1 58.100 32.000
1435263803 43.000 1 57.987 32.000
1435263819 43.000 1 57.763 32.000
1435263834 43.000 1 57.650 32.000
1435263850 43.000 1 57.538 32.000
1435263866 43.000 1 57.425 32.000
1435263882 43.000 1 57.200 32.000
1435263897 43.000 1 57.087 32.000
1435263913 43.000 1 56.862 32.000
1435263929 43.000 1 56.750 32.000
1435263945 43.000 1 56.638 32.000
1435263960 43.000 1 56.525 32.000
1435263976 43.000 1 56.300 32.000
1435263992 43.000 1 56.188 32.000
1435264008 43.000 1 56.075 32.000
1435264023 43.000 1 55.850 32.000
1435264039 43.000 1 55.737 32.000
1435264055 43.000 1 55.625 32.000
1435264071 43.000 1 55.400 32.000
1435264086 43.000 1 55.288 32.000
1435264102 43.000 1 55.062 32.000
1435264118 43.000 1 54.950 32.000
1435264134 43.000 1 54.725 32.000
1435264149 43.000 1 54.612 32.000
1435264165 43.000 1 54.500 32.000
1435264181 43.000 1 54.275 32.000
1435264197 43.000 1 54.163 32.000
1435264212 43.000 1 53.938 32.000
1435264228 43.000 1 53.825 32.000
1435264244 43.000 1 53.600 32.000
1435264260 43.000 1 53.487 32.000
1435264275 43.000 1 53.375 32.000
1435264291 43.000 1 53.263 32.000
1435264307 43.000 1 53.038 32.000
1435264323 43.000 1 52.925 32.000
1435264338 43.000 1 52.700 32.000
1435264354 43.000 1 52.587 32.000
1435264370 43.000 1 52.475 32.000
1435264386 43.000 1 52.250 32.000
1435264401 43.000 1 52.138 32.000
1435264417 43.000 1 51.913 32.000
1435264433 43.000 1 51.800 32.000
1435264449 43.000 1 51.575 32.000
1435264464 43.000 1 51.462 32.000
1435264480 43.000 1 51.237 32.000
1435264496 43.000 1 51.125 32.000
1435264512 43.000 1 51.013 32.000
1435264527 43.000 1 50.788 32.000
1435264543 43.000 1 50.675 32.000
1435264559 43.000 1 50.562 32.000
1435264575 43.000 1 50.450 32.000
1435264590 43.000 1 50.225 32.000
1435264606 43.000 1 50.112 32.000
1435264622 43.000 1 50.000 32.000
1435264638 43.000 1 49.775 32.000
1435264654 43.000 1 49.663 32.000
1435264669 43.000 1 49.550 32.000
1435264685 43.000 1 49.325 32.000
1435264701 43.000 1 49.212 32.000
1435264716 43.000 1 49.100 32.000
1435264732 43.000 1 48.987 32.000
1435264748 43.000 1 48.763 32.000
1435264764 43.000 1 48.650 32.000
1435264780 43.000 1 48.425 32.000
1435264795 43.000 1 48.312 32.000
1435264811 43.000 1 48.200 32.000
1435264827 43.000 1 47.975 32.000
1435264842 43.000 1 47.862 32.000
1435264858 43.000 1 47.638 32.000
1435264874 43.000 1 47.525 32.000
1435264890 43.000 1 47.413 32.000
1435264906 43.000 1 47.188 32.000
1435264921 43.000 1 47.075 32.000
1435264937 43.000 1 46.850 32.000
1435264953 43.000 1 46.737 32.000
1435264969 43.000 1 46.625 32.000
1435264984 43.000 1 46.513 32.000
1435265000 43.000 1 46.400 32.000
1435265016 43.000 1 46.175 32.000
1435265032 43.000 1 46.062 32.000
1435265047 43.000 1 45.837 32.000
1435265063 43.000 1 45.725 32.000
1435265079 43.000 1 45.612 32.000
1435265095 43.000 1 45.500 32.000
1435265110 43.000 1 45.275 32.000
1435265126 43.000 1 45.163 32.000
1435265142 43.000 1 45.050 32.000
1435265158 43.000 1 44.938 32.000
1435265173 43.000 1 44.712 32.000
1435265189 43.000 1 44.600 32.000
1435265205 43.000 1 44.487 32.000
1435265221 43.000 1 44.263 32.000
1435265236 43.000 1 44.150 32.000
1435265252 43.000 1 44.038 32.000
1435265268 43.000 1 43.812 32.000
1435265284 43.000 1 43.700 32.000
1435265299 43.000 1 43.587 32.000
1435265315 43.000 1 43.475 32.000
1435265331 43.000 1 43.362 32.000
1435265347 43.000 1 43.250 32.000
1435265362 43.000 1 43.025 32.000
1435265378 43.000 0 42.913 32.000
1435265394 43.000 0 42.800 32.000
1435265410 43.000 0 42.688 32.000
1435265425 43.000 0 42.462 32.000
1435265441 43.000 0 42.350 32.000
1435265457 43.000 0 42.237 32.000
1435265473 43.000 0 42.125 32.000
1435265488 43.000 0 42.013 32.000
1435265504 43.000 0 41.900 32.000
1435265520 43.000 0 41.788 32.000
1435265536 43.000 0 41.675 32.000
1435265551 43.000 0 41.562 32.000
1435265567 43.000 0 41.450 32.000
1435265583 43.000 0 41.337 32.000
1435265599 43.000 0 41.337 32.000
1435265614 43.000 0 41.225 32.000
1435265630 43.000 0 41.112 32.000
1435265646 43.000 0 41.112 32.000
1435265662 43.000 0 41.112 32.000
1435265677 43.000 0 41.000 32.000
1435265693 43.000 0 41.000 32.000
1435265709 43.000 0 41.000 32.000
1435265725 43.000 0 40.888 32.000
1435265740 43.000 0 40.888 32.000
1435265756 43.000 0 40.888 32.000
1435265772 43.000 0 40.888 32.000
1435265788 43.000 0 40.888 32.000
1435265803 43.000 0 40.888 32.000
1435265819 43.000 0 40.888 32.000
1435265835 43.000 0 40.775 32.000
1435265851 43.000 0 40.775 32.000
1435265866 43.000 0 40.888 32.000
1435265882 43.000 0 40.888 32.000
1435265898 43.000 0 40.888 32.000
1435265914 43.000 0 40.888 32.000
1435265929 43.000 0 40.888 32.000
1435265945 43.000 0 40.888 32.000
1435265961 43.000 0 40.888 32.000
1435265977 43.000 0 41.000 32.000
1435265992 43.000 0 41.000 32.000
1435266008 43.000 0 41.000 32.000
1435266024 43.000 0 41.000 32.000
1435266040 43.000 0 41.112 32.000
1435266056 43.000 0 41.112 32.000
1435266071 43.000 0 41.112 32.000
1435266087 43.000 0 41.112 32.000
1435266103 43.000 0 41.112 32.000
1435266118 43.000 0 41.112 32.000
1435266134 43.000 0 41.225 32.000
1435266150 43.000 0 41.225 32.000
1435266166 43.000 0 41.225 32.000
1435266182 43.000 0 41.225 32.000
1435266197 43.000 0 41.225 32.000
1435266213 43.000 0 41.225 32.000
1435266229 43.000 0 41.225 32.000
1435266244 43.000 0 41.337 32.000
1435266260 43.000 0 41.337 32.000
1435266276 43.000 0 41.337 32.000
1435266292 43.000 0 41.337 32.000
1435266308 43.000 0 41.337 32.000
1435266323 43.000 0 41.450 32.000
1435266339 43.000 0 41.450 32.000
1435266355 43.000 0 41.450 32.000
1435266371 43.000 0 41.450 32.000
1435266386 43.000 0 41.562 32.000
1435266402 43.000 0 41.562 32.000
1435266418 43.000 0 41.562 32.000
1435266434 43.000 0 41.675 32.000
1435266449 43.000 0 41.675 32.000
1435266465 43.000 0 41.675 32.000
1435266481 43.000 0 41.788 32.000
1435266497 43.000 0 41.788 32.000
1435266512 43.000 0 41.788 32.000
1435266528 43.000 0 41.900 32.000
1435266544 43.000 0 41.900 32.000
1435266560 43.000 0 41.900 32.000
1435266575 43.000 0 42.013 32.000
1435266591 43.000 0 42.013 32.000
1435266607 43.000 0 42.013 32.000
1435266623 43.000 0 42.125 32.000
1435266638 43.000 0 42.125 32.000
1435266654 43.000 0 42.125 32.000
1435266670 43.000 0 42.237 32.000
1435266686 43.000 0 42.237 32.000
1435266701 43.000 0 42.237 32.000
1435266717 43.000 0 42.350 32.000
1435266733 43.000 0 42.350 32.000
1435266749 43.000 0 42.350 32.000
1435266764 43.000 0 42.462 32.000
1435266780 43.000 0 42.462 32.000
1435266796 43.000 0 42.462 32.000
1435266812 43.000 0 42.575 32.000
1435266827 43.000 0 42.575 32.000
1435266843 43.000 0 42.575 32.000
1435266859 43.000 0 42.688 32.000
1435266875 43.000 0 42.688 32.000
1435266890 43.000 0 42.688 32.000
1435266906 43.000 0 42.800 32.000
1435266922 43.000 0 42.800 32.000
1435266938 43.000 0 42.800 32.000
1435266953 43.000 0 42.913 32.000
1435266969 43.000 0 42.913 32.000
1435266985 43.000 0 42.913 32.000
1435267001 43.000 0 43.025 32.000
1435267016 43.000 0 43.025 32.000
1435267032 43.000 0 43.138 32.000
1435267048 43.000 0 43.138 32.000
1435267064 43.000 0 43.138 32.000
1435267079 43.000 0 43.250 32.000
1435267095 43.000 0 43.250 32.000
1435267111 43.000 0 43.250 32.000
1435267127 43.000 0 43.362 32.000
1435267142 43.000 0 43.362 32.000
1435267158 43.000 0 43.475 32.000
1435267174 43.000 0 43.475 32.000
1435267190 43.000 0 43.475 32.000
1435267205 43.000 1 43.587 32.000
1435267221 43.000 1 43.587 32.000
1435267237 43.000 1 43.587 32.000
1435267253 43.000 1 43.700 32.000
1435267269 43.000 1 43.700 32.000
1435267284 43.000 1 43.700 32.000
1435267300 43.000 1 43.812 32.000
1435267316 43.000 1 43.812 32.000
1435267331 43.000 1 43.812 32.000
1435267347 43.000 1 43.812 32.000
1435267363 43.000 1 43.812 32.000
1435267379 43.000 1 43.812 32.000
1435267395 43.000 1 43.812 32.000
1435267410 43.000 1 43.812 32.000
1435267426 43.000 1 43.700 32.000
1435267442 43.000 1 43.700 32.000
1435267458 43.000 1 43.700 32.000
1435267473 43.000 1 43.700 32.000
1435267489 43.000 1 43.587 32.000
1435267505 43.000 1 43.587 32.000
1435267521 43.000 1 43.475 32.000
1435267536 43.000 1 43.475 32.000
1435267552 43.000 1 43.362 32.000
1435267568 43.000 1 43.250 32.000
1435267584 43.000 1 43.250 32.000
1435267599 43.000 1 43.138 32.000
1435267615 43.000 1 43.025 32.000
1435267631 43.000 0 42.913 32.000
1435267647 43.000 0 42.800 32.000
1435267662 43.000 0 42.800 32.000
1435267678 43.000 0 42.688 32.000
1435267694 43.000 0 42.575 32.000
1435267710 43.000 0 42.462 32.000
1435267725 43.000 0 42.350 32.000
1435267741 43.000 0 42.237 32.000
1435267757 43.000 0 42.237 32.000
1435267773 43.000 0 42.125 32.000
1435267788 43.000 0 42.013 32.000
1435267804 43.000 0 41.900 32.000
1435267820 43.000 0 41.900 32.000
1435267836 43.000 0 41.788 32.000
1435267851 43.000 0 41.788 32.000
1435267867 43.000 0 41.675 32.000
1435267883 43.000 0 41.675 32.000
1435267899 43.000 0 41.562 32.000
1435267914 43.000 0 41.562 32.000
1435267930 43.000 0 41.562 32.000
1435267946 43.000 0 41.450 32.000
1435267962 43.000 0 41.450 32.000
1435267977 43.000 0 41.450 32.000
1435267993 43.000 0 41.450 32.000
1435268009 43.000 0 41.337 32.000
1435268025 43.000 0 41.337 32.000
1435268040 43.000 0 41.337 32.000
1435268056 43.000 0 41.337 32.000
1435268072 43.000 0 41.337 32.000
1435268088 43.000 0 41.450 32.000
1435268103 43.000 0 41.450 32.000
1435268119 43.000 0 41.450 32.000
1435268135 43.000 0 41.450 32.000
1435268151 43.000 0 41.450 32.000
1435268166 43.000 0 41.450 32.000
1435268182 43.000 0 41.450 32.000
1435268198 43.000 0 41.450 32.000
1435268214 43.000 0 41.450 32.000
1435268229 43.000 0 41.450 32.000
1435268245 43.000 0 41.562 32.000
1435268261 43.000 0 41.562 32.000
1435268277 43.000 0 41.562 32.000
1435268292 43.000 0 41.562 32.000
1435268308 43.000 0 41.675 32.000
1435268324 43.000 0 41.675 32.000
1435268340 43.000 0 41.675 32.000
1435268355 43.000 0 41.675 32.000
1435268371 43.000 0 41.675 32.000
1435268387 43.000 0 41.788 32.000
1435268403 43.000 0 41.788 32.000
1435268418 43.000 0 41.788 32.000
1435268434 43.000 0 41.900 32.000
1435268450 43.000 0 41.900 32.000
1435268466 43.000 0 41.900 32.000
1435268481 43.000 0 41.900 32.000
1435268497 43.000 0 42.013 32.000
1435268513 43.000 0 42.013 32.000
1435268529 43.000 0 42.013 32.000
1435268545 43.000 0 42.013 32.000
1435268560 43.000 0 42.125 32.000
1435268576 43.000 0 42.125 32.000
1435268592 43.000 0 42.125 32.000
1435268607 43.000 0 42.237 32.000
1435268623 43.000 0 42.237 32.000
1435268639 43.000 0 42.237 32.000
1435268655 43.000 0 42.350 32.000
1435268671 43.000 0 42.350 32.000
1435268686 43.000 0 42.462 32.000
1435268702 43.000 0 42.462 32.000
1435268718 43.000 0 42.462 32.000
1435268733 43.000 0 42.575 32.000
1435268749 43.000 0 42.575 32.000
1435268765 43.000 0 42.575 32.000
1435268781 43.000 0 42.688 32.000
1435268797 43.000 0 42.688 32.000
1435268812 43.000 0 42.688 32.000
1435268828 43.000 0 42.800 32.000
1435268844 43.000 0 42.800 32.000
1435268860 43.000 0 42.800 32.000
1435268875 43.000 0 42.913 32.000
1435268891 43.000 0 42.913 32.000
1435268907 43.000 0 42.913 32.000
1435268923 43.000 0 43.025 32.000
1435268938 43.000 0 43.025 32.000
1435268954 43.000 0 43.025 32.000
1435268970 43.000 0 43.138 32.000
1435268986 43.000 0 43.138 32.000
1435269001 43.000 0 43.250 32.000
1435269017 43.000 0 43.250 32.000
1435269033 43.000 0 43.250 32.000
1435269049 43.000 0 43.362 32.000
1435269064 43.000 0 43.362 32.000
1435269080 43.000 0 43.362 32.000
1435269096 43.000 0 43.475 32.000
1435269112 43.000 0 43.475 32.000
1435269127 43.000 1 43.587 32.000
1435269143 43.000 1 43.587 32.000
1435269159 43.000 1 43.587 32.000
1435269175 43.000 1 43.700 32.000
1435269190 43.000 1 43.700 32.000
1435269206 43.000 1 43.700 32.000
1435269222 43.000 1 43.812 32.000
1435269238 43.000 1 43.812 32.000
1435269253 43.000 1 43.812 32.000
1435269269 43.000 1 43.812 32.000
1435269285 43.000 1 43.812 32.000
1435269301 43.000 1 43.812 32.000
1435269316 43.000 1 43.812 32.000
1435269332 43.000 1 43.812 32.000
1435269348 43.000 1 43.812 32.000
1435269364 43.000 1 43.812 32.000
1435269379 43.000 1 43.700 32.000
1435269395 43.000 1 43.700 32.000
1435269411 43.000 1 43.700 32.000
1435269427 43.000 1 43.587 32.000
1435269442 43.000 1 43.587 32.000
1435269458 43.000 1 43.475 32.000
1435269474 43.000 1 43.475 32.000
1435269490 43.000 1 43.362 32.000
1435269505 43.000 1 43.250 32.000
1435269521 43.000 1 43.250 32.000
1435269537 43.000 1 43.138 32.000
1435269553 43.000 1 43.025 32.000
1435269568 43.000 0 42.913 32.000
1435269584 43.000 0 42.913 32.000
1435269600 43.000 0 42.800 32.000
1435269616 43.000 0 42.688 32.000
1435269631 43.000 0 42.575 32.000
1435269647 43.000 0 42.462 32.000
1435269663 43.000 0 42.350 32.000
1435269679 43.000 0 42.237 32.000
1435269694 43.000 0 42.125 32.000
1435269710 43.000 0 42.125 32.000
1435269726 43.000 0 42.013 32.000
1435269742 43.000 0 41.900 32.000
1435269757 43.000 0 41.900 32.000
1435269773 43.000 0 41.788 32.000
1435269789 43.000 0 41.675 32.000
1435269805 43.000 0 41.675 32.000
1435269820 43.000 0 41.675 32.000
1435269836 43.000 0 41.562 32.000
1435269852 43.000 0 41.562 32.000
1435269868 43.000 0 41.450 32.000
1435269883 43.000 0 41.450 32.000
1435269899 43.000 0 41.450 32.000
1435269915 43.000 0 41.450 32.000
1435269931 43.000 0 41.450 32.000
1435269947 43.000 0 41.337 32.000
1435269962 43.000 0 41.337 32.000
1435269978 43.000 0 41.337 32.000
1435269994 43.000 0 41.337 32.000
1435270009 43.000 0 41.337 32.000
1435270025 43.000 0 41.337 32.000
1435270041 43.000 0 41.337 32.000
1435270057 43.000 0 41.337 32.000
1435270073 43.000 0 41.450 32.000
1435270088 43.000 0 41.450 32.000
1435270104 43.000 0 41.450 32.000
1435270120 43.000 0 41.450 32.000
1435270136 43.000 0 41.450 32.000
1435270151 43.000 0 41.450 32.000
1435270167 43.000 0 41.450 32.000
1435270183 43.000 0 41.450 32.000
1435270199 43.000 0 41.562 32.000
1435270214 43.000 0 41.562 32.000
1435270230 43.000 0 41.562 32.000
1435270246 43.000 0 41.562 32.000
1435270262 43.000 0 41.675 32.000
1435270277 43.000 0 41.675 32.000
1435270293 43.000 0 41.675 32.000
1435270309 43.000 0 41.675 32.000
1435270325 43.000 0 41.675 32.000
1435270340 43.000 0 41.788 32.000
1435270356 43.000 0 41.788 32.000
1435270372 43.000 0 41.788 32.000
1435270388 43.000 0 41.788 32.000
1435270403 43.000 0 41.900 32.000
1435270419 43.000 0 41.900 32.000
1435270435 43.000 0 42.013 32.000
1435270451 43.000 0 42.013 32.000
1435270466 43.000 0 42.013 32.000
1435270482 43.000 0 42.013 32.000
1435270498 43.000 0 42.125 32.000
1435270514 43.000 0 42.125 32.000
1435270529 43.000 0 42.125 32.000
1435270545 43.000 0 42.237 32.000
1435270561 43.000 0 42.237 32.000
1435270577 43.000 0 42.237 32.000
1435270592 43.000 0 42.350 32.000
1435270608 43.000 0 42.350 32.000
1435270624 43.000 0 42.462 32.000
1435270640 43.000 0 42.462 32.000
1435270655 43.000 0 42.462 32.000
1435270671 43.000 0 42.575 32.000
1435270687 43.000 0 42.575 32.000
1435270703 43.000 0 42.575 32.000
1435270718 43.000 0 42.688 32.000
1435270734 43.000 0 42.688 32.000
1435270750 43.000 0 42.688 32.000
1435270766 43.000 0 42.800 32.000
1435270781 43.000 0 42.800 32.000
1435270797 43.000 0 42.913 32.000
1435270813 43.000 0 42.913 32.000
1435270829 43.000 0 42.913 32.000
1435270844 43.000 0 43.025 32.000
1435270860 43.000 0 43.025 32.000
1435270876 43.000 0 43.025 32.000
1435270892 43.000 0 43.138 32.000
1435270907 43.000 0 43.138 32.000
1435270923 43.000 0 43.250 32.000
1435270939 43.000 0 43.250 32.000
1435270955 43.000 0 43.362 32.000
1435270970 43.000 0 43.362 32.000
1435270986 43.000 0 43.362 32.000
1435271002 43.000 0 43.475 32.000
1435271018 43.000 0 43.475 32.000
1435271033 43.000 0 43.475 32.000
1435271049 43.000 1 43.587 32.000
1435271065 43.000 1 43.587 32.000
1435271081 43.000 1 43.700 32.000
1435271096 43.000 1 43.700 32.000
1435271112 43.000 1 43.700 32.000
1435271128 43.000 1 43.812 32.000
1435271144 43.000 1 43.812 32.000
1435271159 43.000 1 43.812 32.000
1435271175 43.000 1 43.925 32.000
1435271191 43.000 1 43.812 32.000
1435271207 43.000 1 43.925 32.000
1435271223 43.000 1 43.925 32.000
1435271238 43.000 1 43.925 32.000
1435271254 43.000 1 43.812 32.000
1435271270 43.000 1 43.812 32.000
1435271285 43.000 1 43.812 32.000
1435271301 43.000 1 43.812 32.000
1435271317 43.000 1 43.812 32.000
1435271333 43.000 1 43.700 32.000
1435271349 43.000 1 43.700 32.000
1435271364 43.000 1 43.587 32.000
1435271380 43.000 1 43.587 32.000
1435271396 43.000 1 43.587 32.000
1435271412 43.000 1 43.475 32.000
1435271427 43.000 1 43.475 32.000
1435271443 43.000 1 43.362 32.000
1435271459 43.000 1 43.250 32.000
1435271475 43.000 1 43.250 32.000
1435271490 43.000 1 43.138 32.000
1435271506 43.000 1 43.025 32.000
1435271522 43.000 0 42.913 32.000
1435271538 43.000 0 42.913 32.000
1435271553 43.000 0 42.800 32.000
1435271569 43.000 0 42.688 32.000
1435271585 43.000 0 42.688 32.000
1435271601 43.000 0 42.575 32.000
1435271616 43.000 0 42.462 32.000
1435271632 43.000 0 42.350 32.000
1435271648 43.000 0 42.350 32.000
1435271664 43.000 0 42.237 32.000
1435271679 43.000 0 42.125 32.000
1435271695 43.000 0 42.125 32.000
1435271711 43.000 0 42.013 32.000
1435271727 43.000 0 42.013 32.000
1435271742 43.000 0 41.900 32.000
1435271758 43.000 0 41.900 32.000
1435271774 43.000 0 41.788 32.000
1435271790 43.000 0 41.788 32.000
1435271805 43.000 0 41.788 32.000
1435271821 43.000 0 41.788 32.000
1435271837 43.000 0 41.675 32.000
1435271853 43.000 0 41.675 32.000
1435271868 43.000 0 41.675 32.000
1435271884 43.000 0 41.675 32.000
1435271900 43.000 0 41.675 32.000
1435271916 43.000 0 41.675 32.000
1435271931 43.000 0 41.562 32.000
1435271947 43.000 0 41.675 32.000
1435271963 43.000 0 41.675 32.000
1435271979 43.000 0 41.675 32.000
1435271994 43.000 0 41.675 32.000
1435272010 43.000 0 41.675 32.000
1435272026 43.000 0 41.675 32.000
1435272042 43.000 0 41.675 32.000
1435272057 43.000 0 41.675 32.000
1435272073 43.000 0 41.675 32.000
1435272089 43.000 0 41.675 32.000
1435272105 43.000 0 41.675 32.000
1435272120 43.000 0 41.788 32.000
1435272136 43.000 0 41.788 32.000
1435272152 43.000 0 41.788 32.000
1435272168 43.000 0 41.788 32.000
1435272183 43.000 0 41.788 32.000
1435272199 43.000 0 41.900 32.000
1435272215 43.000 0 41.900 32.000
1435272231 43.000 0 41.900 32.000
1435272246 43.000 0 41.900 32.000
1435272262 43.000 0 42.013 32.000
1435272278 43.000 0 42.013 32.000
1435272294 43.000 0 42.013 32.000
1435272310 43.000 0 42.013 32.000
1435272325 43.000 0 42.125 32.000
1435272341 43.000 0 42.125 32.000
1435272357 43.000 0 42.125 32.000
1435272372 43.000 0 42.237 32.000
1435272388 43.000 0 42.237 32.000
1435272404 43.000 0 42.237 32.000
1435272420 43.000 0 42.350 32.000
1435272436 43.000 0 42.350 32.000
1435272451 43.000 0 42.350 32.000
1435272467 43.000 0 42.462 32.000
1435272483 43.000 0 42.462 32.000
1435272499 43.000 0 42.462 32.000
1435272514 43.000 0 42.575 32.000
1435272530 43.000 0 42.575 32.000
1435272546 43.000 0 42.688 32.000
1435272562 43.000 0 42.688 32.000
1435272577 43.000 0 42.688 32.000
1435272593 43.000 0 42.800 32.000
1435272609 43.000 0 42.800 32.000
1435272625 43.000 0 42.800 32.000
1435272640 43.000 0 42.913 32.000
1435272656 43.000 0 42.913 32.000
1435272672 43.000 0 42.913 32.000
1435272688 43.000 0 43.025 32.000
1435272703 43.000 0 43.025 32.000
1435272719 43.000 0 43.025 32.000
1435272735 43.000 0 43.138 32.000
1435272751 43.000 0 43.138 32.000
1435272766 43.000 0 43.250 32.000
1435272782 43.000 0 43.250 32.000
1435272798 43.000 0 43.250 32.000
1435272814 43.000 0 43.362 32.000
1435272829 43.000 0 43.362 32.000
1435272845 43.000 0 43.475 32.000
1435272861 43.000 0 43.475 32.000
1435272877 43.000 0 43.475 32.000
1435272892 43.000 1 43.587 32.000
1435272908 43.000 1 43.587 32.000
1435272924 43.000 1 43.587 32.000
1435272940 43.000 1 43.700 32.000
1435272955 43.000 1 43.700 32.000
1435272971 43.000 1 43.812 32.000
1435272987 43.000 1 43.812 32.000
1435273003 43.000 1 43.812 32.000
1435273018 43.000 1 43.812 32.000
1435273034 43.000 1 43.925 32.000
1435273050 43.000 1 43.925 32.000
1435273066 43.000 1 43.925 32.000
1435273081 43.000 1 43.812 32.000
1435273097 43.000 1 43.812 32.000
1435273113 43.000 1 43.812 32.000
1435273129 43.000 1 43.812 32.000
1435273144 43.000 1 43.812 32.000
1435273160 43.000 1 43.700 32.000
1435273176 43.000 1 43.700 32.000
1435273192 43.000 1 43.700 32.000
1435273207 43.000 1 43.587 32.000
1435273223 43.000 1 43.587 32.000
1435273239 43.000 1 43.475 32.000
1435273255 43.000 1 43.362 32.000
1435273270 43.000 1 43.362 32.000
1435273286 43.000 1 43.250 32.000
1435273302 43.000 1 43.138 32.000
1435273318 43.000 1 43.138 32.000
1435273333 43.000 1 43.025 32.000
1435273349 43.000 0 42.913 32.000
1435273365 43.000 0 42.800 32.000
1435273381 43.000 0 42.688 32.000
1435273396 43.000 0 42.575 32.000
1435273412 43.000 0 42.575 32.000
1435273428 43.000 0 42.462 32.000
1435273444 43.000 0 42.350 32.000
1435273459 43.000 0 42.237 32.000
1435273475 43.000 0 42.125 32.000
1435273491 43.000 0 42.013 32.000
1435273507 43.000 0 42.013 32.000
1435273522 43.000 0 41.900 32.000
1435273538 43.000 0 41.788 32.000
1435273554 43.000 0 41.788 32.000
1435273570 43.000 0 41.675 32.000
1435273586 43.000 0 41.675 32.000
1435273601 43.000 0 41.562 32.000
1435273617 43.000 0 41.562 32.000
1435273633 43.000 0 41.450 32.000
1435273648 43.000 0 41.450 32.000
1435273664 43.000 0 41.450 32.000
1435273680 43.000 0 41.450 32.000
1435273696 43.000 0 41.337 32.000
1435273712 43.000 0 41.337 32.000
1435273727 43.000 0 41.337 32.000
1435273743 43.000 0 41.337 32.000
1435273759 43.000 0 41.337 32.000
1435273775 43.000 0 41.337 32.000
1435273790 43.000 0 41.337 32.000
1435273806 43.000 0 41.337 32.000
1435273822 43.000 0 41.337 32.000
1435273838 43.000 0 41.337 32.000
1435273853 43.000 0 41.337 32.000
1435273869 43.000 0 41.337 32.000
1435273885 43.000 0 41.337 32.000
1435273901 43.000 0 41.337 32.000
1435273916 43.000 0 41.337 32.000
1435273932 43.000 0 41.450 32.000
1435273948 43.000 0 41.450 32.000
1435273964 43.000 0 41.450 32.000
1435273979 43.000 0 41.450 32.000
1435273995 43.000 0 41.450 32.000
1435274011 43.000 0 41.562 32.000
1435274027 43.000 0 41.562 32.000
1435274042 43.000 0 41.562 32.000
1435274058 43.000 0 41.562 32.000
1435274074 43.000 0 41.675 32.000
1435274090 43.000 0 41.675 32.000
1435274105 43.000 0 41.675 32.000
1435274121 43.000 0 41.675 32.000
1435274137 43.000 0 41.675 32.000
1435274153 43.000 0 41.788 32.000
1435274168 43.000 0 41.788 32.000
1435274184 43.000 0 41.788 32.000
1435274200 43.000 0 41.900 32.000
1435274216 43.000 0 41.900 32.000
1435274231 43.000 0 41.900 32.000
1435274247 43.000 0 41.900 32.000
1435274263 43.000 0 42.013 32.000
1435274279 43.000 0 42.013 32.000
1435274294 43.000 0 42.013 32.000
1435274310 43.000 0 42.125 32.000
1435274326 43.000 0 42.125 32.000
1435274342 43.000 0 42.125 32.000
1435274357 43.000 0 42.237 32.000
1435274373 43.000 0 42.237 32.000
1435274389 43.000 0 42.237 32.000
1435274405 43.000 0 42.350 32.000
1435274420 43.000 0 42.350 32.000
1435274436 43.000 0 42.350 32.000
1435274452 43.000 0 42.462 32.000
1435274468 43.000 0 42.462 32.000
1435274483 43.000 0 42.462 32.000
1435274499 43.000 0 42.575 32.000
1435274515 43.000 0 42.575 32.000
1435274531 43.000 0 42.575 32.000
1435274546 43.000 0 42.688 32.000
1435274562 43.000 0 42.688 32.000
1435274578 43.000 0 42.800 32.000
1435274594 43.000 0 42.800 32.000
1435274609 43.000 0 42.800 32.000
1435274625 43.000 0 42.913 32.000
1435274641 43.000 0 42.913 32.000
1435274657 43.000 0 42.913 32.000
1435274672 43.000 0 43.025 32.000
1435274688 43.000 0 43.025 32.000
1435274704 43.000 0 43.138 32.000
1435274720 43.000 0 43.138 32.000
1435274735 43.000 0 43.138 32.000
1435274751 43.000 0 43.250 32.000
1435274767 43.000 0 43.250 32.000
1435274783 43.000 0 43.250 32.000
1435274798 43.000 0 43.362 32.000
1435274814 43.000 0 43.362 32.000
1435274830 43.000 0 43.475 32.000
1435274846 43.000 0 43.475 32.000
1435274861 43.000 0 43.475 32.000
1435274877 43.000 1 43.587 32.000
1435274893 43.000 1 43.587 32.000
1435274909 43.000 1 43.700 32.000
1435274924 43.000 1 43.700 32.000
1435274940 43.000 1 43.700 32.000
1435274956 43.000 1 43.700 32.000
1435274972 43.000 1 43.812 32.000
1435274988 43.000 1 43.812 32.000
1435275003 43.000 1 43.812 32.000
1435275019 43.000 1 43.812 32.000
1435275035 43.000 1 43.812 32.000
1435275050 43.000 1 43.812 32.000
1435275066 43.000 1 43.812 32.000
1435275082 43.000 1 43.812 32.000
1435275098 43.000 1 43.812 32.000
1435275114 43.000 1 43.812 32.000
1435275129 43.000 1 43.812 32.000
1435275145 43.000 1 43.700 32.000
1435275161 43.000 1 43.700 32.000
1435275177 43.000 1 43.587 32.000
1435275192 43.000 1 43.587 32.000
1435275208 43.000 1 43.587 32.000
1435275224 43.000 1 43.475 32.000
1435275240 43.000 1 43.475 32.000
1435275255 43.000 1 43.362 32.000
1435275271 43.000 1 43.250 32.000
1435275287 43.000 1 43.250 32.000
1435275303 43.000 1 43.138 32.000
1435275318 43.000 1 43.138 32.000
1435275334 43.000 1 43.025 32.000
1435275350 43.000 0 42.913 32.000
1435275366 43.000 0 42.800 32.000
1435275381 43.000 0 42.800 32.000
1435275397 43.000 0 42.688 32.000
1435275413 43.000 0 42.575 32.000
1435275429 43.000 0 42.462 32.000
1435275444 43.000 0 42.350 32.000
1435275460 43.000 0 42.350 32.000
1435275476 43.000 0 42.237 32.000
1435275492 43.000 0 42.125 32.000
1435275507 43.000 0 42.125 32.000
1435275523 43.000 0 42.013 32.000
1435275539 43.000 0 41.900 32.000
1435275555 43.000 0 41.900 32.000
1435275570 43.000 0 41.788 32.000
1435275586 43.000 0 41.788 32.000
1435275602 43.000 0 41.788 32.000
1435275618 43.000 0 41.675 32.000
1435275633 43.000 0 41.675 32.000
1435275649 43.000 0 41.562 32.000
1435275665 43.000 0 41.562 32.000
1435275681 43.000 0 41.562 32.000
1435275696 43.000 0 41.562 32.000
1435275712 43.000 0 41.562 32.000
1435275728 43.000 0 41.562 32.000
1435275744 43.000 0 41.562 32.000
1435275759 43.000 0 41.562 32.000
1435275775 43.000 0 41.562 32.000
1435275791 43.000 0 41.562 32.000
1435275807 43.000 0 41.562 32.000
1435275822 43.000 0 41.562 32.000
1435275838 43.000 0 41.562 32.000
1435275854 43.000 0 41.562 32.000
1435275870 43.000 0 41.562 32.000
1435275885 43.000 0 41.562 32.000
1435275901 43.000 0 41.562 32.000
1435275917 43.000 0 41.562 32.000
1435275933 43.000 0 41.675 32.000
1435275948 43.000 0 41.675 32.000
1435275964 43.000 0 41.675 32.000
1435275980 43.000 0 41.675 32.000
1435275996 43.000 0 41.675 32.000
1435276011 43.000 0 41.675 32.000
1435276027 43.000 0 41.788 32.000
1435276043 43.000 0 41.788 32.000
1435276059 43.000 0 41.788 32.000
1435276074 43.000 0 41.788 32.000
1435276090 43.000 0 41.900 32.000
1435276106 43.000 0 41.900 32.000
1435276122 43.000 0 41.900 32.000
1435276137 43.000 0 41.900 32.000
1435276153 43.000 0 42.013 32.000
1435276169 43.000 0 42.013 32.000
1435276185 43.000 0 42.013 32.000
1435276200 43.000 0 42.125 32.000
1435276216 43.000 0 42.125 32.000
1435276232 43.000 0 42.125 32.000
1435276248 43.000 0 42.125 32.000
1435276264 43.000 0 42.237 32.000
1435276279 43.000 0 42.237 32.000
1435276295 43.000 0 42.237 32.000
1435276311 43.000 0 42.350 32.000
1435276327 43.000 0 42.350 32.000
1435276342 43.000 0 42.350 32.000
1435276358 43.000 0 42.462 32.000
1435276374 43.000 0 42.462 32.000
1435276390 43.000 0 42.462 32.000
1435276405 43.000 0 42.575 32.000
1435276421 43.000 0 42.575 32.000
1435276437 43.000 0 42.575 32.000
1435276453 43.000 0 42.688 32.000
1435276468 43.000 0 42.688 32.000
1435276484 43.000 0 42.688 32.000
1435276500 43.000 0 42.800 32.000
1435276516 43.000 0 42.800 32.000
1435276531 43.000 0 42.913 32.000
1435276547 43.000 0 42.913 32.000
1435276563 43.000 0 42.913 32.000
1435276579 43.000 0 43.025 32.000
1435276594 43.000 0 43.025 32.000
1435276610 43.000 0 43.025 32.000
1435276626 43.000 0 43.138 32.000
1435276642 43.000 0 43.138 32.000
1435276657 43.000 0 43.250 32.000
1435276673 43.000 0 43.250 32.000
1435276689 43.000 0 43.250 32.000
1435276705 43.000 0 43.362 32.000
1435276720 43.000 0 43.362 32.000
1435276736 43.000 0 43.475 32.000
1435276752 43.000 0 43.475 32.000
1435276768 43.000 0 43.475 32.000
1435276783 43.000 1 43.587 32.000
1435276799 43.000 1 43.587 32.000
1435276815 43.000 1 43.700 32.000
1435276831 43.000 1 43.700 32.000
1435276846 43.000 1 43.700 32.000
1435276862 43.000 1 43.700 32.000
1435276878 43.000 1 43.812 32.000
1435276894 43.000 1 43.812 32.000
1435276909 43.000 1 43.812 32.000
1435276925 43.000 1 43.812 32.000
1435276941 43.000 1 43.812 32.000
1435276957 43.000 1 43.812 32.000
1435276972 43.000 1 43.812 32.000
1435276988 43.000 1 43.812 32.000
1435277004 43.000 1 43.812 32.000
1435277020 43.000 1 43.812 32.000
1435277035 43.000 1 43.812 32.000
1435277051 43.000 1 43.700 32.000
1435277067 43.000 1 43.700 32.000
1435277083 43.000 1 43.700 32.000
1435277098 43.000 1 43.587 32.000
1435277114 43.000 1 43.587 32.000
1435277130 43.000 1 43.475 32.000
1435277146 43.000 1 43.475 32.000
1435277161 43.000 1 43.362 32.000
1435277177 43.000 1 43.362 32.000
1435277193 43.000 1 43.250 32.000
1435277209 43.000 1 43.250 32.000
1435277225 43.000 1 43.138 32.000
1435277240 43.000 1 43.025 32.000
1435277256 43.000 1 43.025 32.000
1435277272 43.000 0 42.913 32.000
1435277287 43.000 0 42.800 32.000
1435277303 43.000 0 42.688 32.000
1435277319 43.000 0 42.575 32.000
1435277335 43.000 0 42.575 32.000
1435277351 43.000 0 42.462 32.000
1435277366 43.000 0 42.350 32.000
1435277382 43.000 0 42.237 32.000
1435277398 43.000 0 42.237 32.000
1435277414 43.000 0 42.125 32.000
1435277429 43.000 0 42.013 32.000
1435277445 43.000 0 41.900 32.000
1435277461 43.000 0 41.900 32.000
1435277477 43.000 0 41.900 32.000
1435277492 43.000 0 41.788 32.000
1435277508 43.000 0 41.788 32.000
1435277524 43.000 0 41.675 32.000
1435277540 43.000 0 41.675 32.000
1435277555 43.000 0 41.675 32.000
1435277571 43.000 0 41.562 32.000
1435277587 43.000 0 41.562 32.000
1435277603 43.000 0 41.562 32.000
1435277618 43.000 0 41.562 32.000
1435277634 43.000 0 41.450 32.000
1435277650 43.000 0 41.450 32.000
1435277666 43.000 0 41.450 32.000
1435277681 43.000 0 41.450 32.000
1435277697 43.000 0 41.450 32.000
1435277713 43.000 0 41.450 32.000
1435277729 43.000 0 41.450 32.000
1435277744 43.000 0 41.450 32.000
1435277760 43.000 0 41.450 32.000
1435277776 43.000 0 41.450 32.000
1435277792 43.000 0 41.562 32.000
1435277807 43.000 0 41.562 32.000
1435277823 43.000 0 41.562 32.000
1435277839 43.000 0 41.562 32.000
1435277855 43.000 0 41.562 32.000
1435277870 43.000 0 41.562 32.000
1435277886 43.000 0 41.562 32.000
1435277902 43.000 0 41.675 32.000
1435277918 43.000 0 41.675 32.000
1435277933 43.000 0 41.675 32.000
1435277949 43.000 0 41.675 32.000
1435277965 43.000 0 41.675 32.000
1435277981 43.000 0 41.788 32.000
1435277996 43.000 0 41.788 32.000
1435278012 43.000 0 41.788 32.000
1435278028 43.000 0 41.788 32.000
1435278044 43.000 0 41.900 32.000
1435278059 43.000 0 41.900 32.000
1435278075 43.000 0 41.900 32.000
1435278091 43.000 0 41.900 32.000
1435278107 43.000 0 42.013 32.000
1435278122 43.000 0 42.013 32.000
1435278138 43.000 0 42.013 32.000
1435278154 43.000 0 42.125 32.000
1435278170 43.000 0 42.125 32.000
1435278185 43.000 0 42.125 32.000
1435278201 43.000 0 42.125 32.000
1435278217 43.000 0 42.237 32.000
1435278233 43.000 0 42.237 32.000
1435278248 43.000 0 42.237 32.000
1435278264 43.000 0 42.350 32.000
1435278280 43.000 0 42.350 32.000
1435278296 43.000 0 42.350 32.000
1435278311 43.000 0 42.462 32.000
1435278327 43.000 0 42.462 32.000
1435278343 43.000 0 42.462 32.000
1435278359 43.000 0 42.575 32.000
1435278375 43.000 0 42.575 32.000
1435278390 43.000 0 42.688 32.000
1435278406 43.000 0 42.688 32.000
1435278422 43.000 0 42.688 32.000
1435278437 43.000 0 42.800 32.000
1435278453 43.000 0 42.800 32.000
1435278469 43.000 0 42.800 32.000
1435278485 43.000 0 42.913 32.000
1435278501 43.000 0 42.913 32.000
1435278516 43.000 0 42.913 32.000
1435278532 43.000 0 43.025 32.000
1435278548 43.000 0 43.025 32.000
1435278563 43.000 0 43.138 32.000
1435278579 43.000 0 43.138 32.000
1435278595 43.000 0 43.138 32.000
1435278611 43.000 0 43.250 32.000
1435278627 43.000 0 43.250 32.000
1435278642 43.000 0 43.362 32.000
1435278658 43.000 0 43.362 32.000
1435278674 43.000 0 43.362 32.000
1435278690 43.000 0 43.475 32.000
1435278705 43.000 0 43.475 32.000
1435278721 43.000 0 43.475 32.000
1435278737 43.000 1 43.587 32.000
1435278753 43.000 1 43.587 32.000
1435278768 43.000 1 43.700 32.000
1435278784 43.000 1 43.700 32.000
1435278800 43.000 1 43.700 32.000
1435278816 43.000 1 43.812 32.000
1435278831 43.000 1 43.812 32.000
1435278847 43.000 1 43.812 32.000
1435278863 43.000 1 43.812 32.000
1435278879 43.000 1 43.925 32.000
1435278894 43.000 1 43.925 32.000
1435278910 43.000 1 43.925 32.000
1435278926 43.000 1 43.925 32.000
1435278942 43.000 1 43.812 32.000
1435278957 43.000 1 43.812 32.000
1435278973 43.000 1 43.812 32.000
1435278989 43.000 1 43.812 32.000
1435279005 43.000 1 43.812 32.000
1435279020 43.000 1 43.700 32.000
1435279036 43.000 1 43.700 32.000
1435279052 43.000 1 43.587 32.000
1435279068 43.000 1 43.587 32.000
1435279083 43.000 1 43.475 32.000
1435279099 43.000 1 43.475 32.000
1435279115 43.000 1 43.362 32.000
1435279131 43.000 1 43.250 32.000
1435279146 43.000 1 43.250 32.000
1435279162 43.000 1 43.138 32.000
1435279178 43.000 1 43.025 32.000
1435279194 43.000 0 42.913 32.000
1435279209 43.000 0 42.800 32.000
1435279225 43.000 0 42.800 32.000
1435279241 43.000 0 42.688 32.000
1435279257 43.000 0 42.575 32.000
1435279272 43.000 0 42.462 32.000
1435279288 43.000 0 42.350 32.000
1435279304 43.000 0 42.237 32.000
1435279320 43.000 0 42.125 32.000
1435279335 43.000 0 42.013 32.000
1435279351 43.000 0 42.013 32.000
1435279367 43.000 0 41.900 32.000
1435279383 43.000 0 41.788 32.000
1435279398 43.000 0 41.788 32.000
1435279414 43.000 0 41.675 32.000
1435279430 43.000 0 41.675 32.000
1435279446 43.000 0 41.562 32.000
1435279461 43.000 0 41.562 32.000
1435279477 43.000 0 41.450 32.000
1435279493 43.000 0 41.450 32.000
1435279509 43.000 0 41.450 32.000
1435279524 43.000 0 41.450 32.000
1435279540 43.000 0 41.337 32.000
1435279556 43.000 0 41.337 32.000
1435279572 43.000 0 41.337 32.000
1435279587 43.000 0 41.337 32.000
1435279603 43.000 0 41.337 32.000
1435279619 43.000 0 41.337 32.000
1435279635 43.000 0 41.337 32.000
1435279650 43.000 0 41.337 32.000
1435279666 43.000 0 41.337 32.000
1435279682 43.000 0 41.337 32.000
1435279698 43.000 0 41.337 32.000
1435279713 43.000 0 41.450 32.000
1435279729 43.000 0 41.450 32.000
1435279745 43.000 0 41.450 32.000
1435279761 43.000 0 41.450 32.000
1435279776 43.000 0 41.450 32.000
1435279792 43.000 0 41.450 32.000
1435279808 43.000 0 41.450 32.000
1435279824 43.000 0 41.450 32.000
1435279839 43.000 0 41.562 32.000
1435279855 43.000 0 41.562 32.000
1435279871 43.000 0 41.562 32.000
1435279887 43.000 0 41.562 32.000
1435279903 43.000 0 41.675 32.000
1435279918 43.000 0 41.675 32.000
1435279934 43.000 0 41.675 32.000
1435279950 43.000 0 41.675 32.000
1435279965 43.000 0 41.788 32.000
1435279981 43.000 0 41.788 32.000
1435279997 43.000 0 41.788 32.000
1435280013 43.000 0 41.788 32.000
1435280029 43.000 0 41.788 32.000
1435280044 43.000 0 41.900 32.000
1435280060 43.000 0 41.900 32.000
1435280076 43.000 0 41.900 32.000
1435280092 43.000 0 42.013 32.000
1435280107 43.000 0 42.013 32.000
1435280123 43.000 0 42.013 32.000
1435280139 43.000 0 42.013 32.000
1435280155 43.000 0 42.125 32.000
1435280170 43.000 0 42.125 32.000
1435280186 43.000 0 42.125 32.000
1435280202 43.000 0 42.237 32.000
1435280218 43.000 0 42.237 32.000
1435280233 43.000 0 42.237 32.000
1435280249 43.000 0 42.350 32.000
1435280265 43.000 0 42.350 32.000
1435280281 43.000 0 42.462 32.000
1435280296 43.000 0 42.462 32.000
1435280312 43.000 0 42.462 32.000
1435280328 43.000 0 42.575 32.000
1435280344 43.000 0 42.575 32.000
1435280359 43.000 0 42.575 32.000
1435280375 43.000 0 42.688 32.000
1435280391 43.000 0 42.688 32.000
1435280407 43.000 0 42.688 32.000
1435280422 43.000 0 42.800 32.000
1435280438 43.000 0 42.800 32.000
1435280454 43.000 0 42.913 32.000
1435280470 43.000 0 42.913 32.000
1435280485 43.000 0 42.913 32.000
1435280501 43.000 0 43.025 32.000
1435280517 43.000 0 43.025 32.000
1435280533 43.000 0 43.138 32.000
1435280548 43.000 0 43.138 32.000
1435280564 43.000 0 43.138 32.000
1435280580 43.000 0 43.250 32.000
1435280596 43.000 0 43.250 32.000
1435280611 43.000 0 43.250 32.000
1435280627 43.000 0 43.362 32.000
1435280643 43.000 0 43.362 32.000
1435280659 43.000 0 43.475 32.000
1435280674 43.000 0 43.475 32.000
1435280690 43.000 0 43.475 32.000
1435280706 43.000 1 43.587 32.000
1435280722 43.000 1 43.587 32.000
1435280737 43.000 1 43.700 32.000
1435280753 43.000 1 43.700 32.000
1435280769 43.000 1 43.812 32.000
1435280785 43.000 1 43.812 32.000
1435280800 43.000 1 43.812 32.000
1435280816 43.000 1 43.812 32.000
1435280832 43.000 1 43.812 32.000
1435280848 43.000 1 43.812 32.000
1435280863 43.000 1 43.925 32.000
1435280879 43.000 1 43.925 32.000
1435280895 43.000 1 43.812 32.000
1435280911 43.000 1 43.812 32.000
1435280926 43.000 1 43.812 32.000
1435280942 43.000 1 43.812 32.000
1435280958 43.000 1 43.812 32.000
1435280974 43.000 1 43.812 32.000
1435280989 43.000 1 43.812 32.000
1435281005 43.000 1 43.700 32.000
1435281021 43.000 1 43.700 32.000
1435281037 43.000 1 43.587 32.000
1435281052 43.000 1 43.587 32.000
1435281068 43.000 1 43.475 32.000
1435281084 43.000 1 43.475 32.000
1435281100 43.000 1 43.362 32.000
1435281115 43.000 1 43.362 32.000
1435281131 43.000 1 43.250 32.000
1435281147 43.000 1 43.138 32.000
1435281163 43.000 1 43.138 32.000
1435281179 43.000 1 43.025 32.000
1435281194 43.000 0 42.913 32.000
1435281210 43.000 0 42.913 32.000
1435281226 43.000 0 42.800 32.000
1435281241 43.000 0 42.688 32.000
1435281257 43.000 0 42.575 32.000
1435281273 43.000 0 42.462 32.000
1435281289 43.000 0 42.462 32.000
1435281305 43.000 0 42.350 32.000
1435281320 43.000 0 42.237 32.000
1435281336 43.000 0 42.125 32.000
1435281352 43.000 0 42.125 32.000
1435281367 43.000 0 42.013 32.000
1435281383 43.000 0 42.013 32.000
1435281399 43.000 0 41.900 32.000
1435281415 43.000 0 41.900 32.000
1435281431 43.000 0 41.788 32.000
1435281446 43.000 0 41.788 32.000
1435281462 43.000 0 41.788 32.000
1435281478 43.000 0 41.675 32.000
1435281494 43.000 0 41.675 32.000
1435281509 43.000 0 41.675 32.000
1435281525 43.000 0 41.675 32.000
1435281541 43.000 0 41.562 32.000
1435281557 43.000 0 41.562 32.000
1435281572 43.000 0 41.562 32.000
1435281588 43.000 0 41.562 32.000
1435281604 43.000 0 41.562 32.000
1435281620 43.000 0 41.562 32.000
1435281635 43.000 0 41.562 32.000
1435281651 43.000 0 41.562 32.000
1435281667 43.000 0 41.562 32.000
1435281683 43.000 0 41.675 32.000
1435281698 43.000 0 41.675 32.000
1435281714 43.000 0 41.675 32.000
1435281730 43.000 0 41.675 32.000
1435281746 43.000 0 41.675 32.000
1435281761 43.000 0 41.675 32.000
1435281777 43.000 0 41.788 32.000
1435281793 43.000 0 41.788 32.000
1435281809 43.000 0 41.788 32.000
1435281824 43.000 0 41.788 32.000
1435281840 43.000 0 41.788 32.000
1435281856 43.000 0 41.788 32.000
1435281872 43.000 0 41.900 32.000
1435281887 43.000 0 41.900 32.000
1435281903 43.000 0 41.900 32.000
1435281919 43.000 0 41.900 32.000
1435281935 43.000 0 42.013 32.000
1435281950 43.000 0 42.013 32.000
1435281966 43.000 0 42.013 32.000
1435281982 43.000 0 42.013 32.000
1435281998 43.000 0 42.125 32.000
1435282013 43.000 0 42.125 32.000
1435282029 43.000 0 42.125 32.000
1435282045 43.000 0 42.237 32.000
1435282061 43.000 0 42.237 32.000
1435282076 43.000 0 42.237 32.000
1435282092 43.000 0 42.237 32.000
