1435221505 0 40.550
1435221521 0 40.663
1435221536 0 40.663
1435221552 0 40.663
1435221568 0 40.663
1435221584 0 40.663
1435221599 0 40.663
1435221615 0 40.663
1435221631 0 40.663
1435221647 0 40.775
1435221662 0 40.775
1435221678 0 40.775
1435221694 0 40.775
1435221710 0 40.775
1435221725 0 40.775
1435221741 0 40.775
1435221757 0 40.775
1435221773 0 40.775
1435221788 0 40.888
1435221804 0 40.888
1435221820 0 40.888
1435221836 0 40.888
1435221851 0 40.888
1435221867 0 40.888
1435221883 0 40.888
1435221899 0 40.888
1435221915 0 40.888
1435221930 0 41.000
1435221946 0 41.000
1435221962 0 41.000
1435221977 0 41.000
1435221993 0 41.000
1435222009 0 41.000
1435222025 0 41.000
1435222041 0 41.000
1435222056 0 41.000
1435222072 0 41.112
1435222088 0 41.112
1435222103 0 41.112
1435222119 0 41.112
1435222135 0 41.112
1435222151 0 41.112
1435222167 0 41.112
1435222182 0 41.112
1435222198 0 41.225
1435222214 0 41.225
1435222230 0 41.225
1435222245 0 41.225
1435222261 0 41.225
1435222277 0 41.225
1435222293 0 41.225
1435222308 0 41.225
1435222324 0 41.225
1435222340 0 41.337
1435222356 0 41.337
1435222371 0 41.337
1435222387 0 41.337
1435222403 0 41.337
1435222419 0 41.337
1435222434 0 41.337
1435222450 0 41.337
1435222466 0 41.337
1435222482 0 41.450
1435222497 0 41.450
1435222513 0 41.450
1435222529 0 41.450
1435222545 0 41.450
1435222560 0 41.450
1435222576 0 41.450
1435222592 0 41.450
1435222608 0 41.450
1435222623 0 41.562
1435222639 0 41.562
1435222655 0 41.562
1435222671 0 41.562
1435222686 0 41.562
1435222702 0 41.562
1435222718 0 41.562
1435222734 0 41.675
1435222749 0 41.675
1435222765 0 41.675
1435222781 0 41.675
1435222797 0 41.675
1435222812 0 41.675
1435222828 0 41.675
1435222844 0 41.675
1435222860 0 41.675
1435222875 0 41.788
1435222891 0 41.788
1435222907 0 41.788
1435222923 0 41.788
1435222938 0 41.788
1435222954 0 41.788
1435222970 0 41.788
1435222986 0 41.788
1435223001 0 41.900
1435223017 0 41.900
1435223033 0 41.900
1435223049 0 41.900
1435223064 0 41.900
1435223080 0 41.900
1435223096 0 41.900
1435223112 0 41.900
1435223127 0 42.013
1435223143 0 42.013
1435223159 0 42.013
1435223175 0 42.013
1435223190 0 42.013
1435223206 0 42.013
1435223222 0 42.013
1435223238 0 42.013
1435223253 0 42.013
1435223269 0 42.125
1435223285 0 42.125
1435223301 0 42.125
1435223316 0 42.125
1435223332 0 42.125
1435223348 0 42.125
1435223364 0 42.125
1435223379 0 42.125
1435223395 0 42.125
1435223411 0 42.237
1435223427 0 42.237
1435223443 0 42.237
1435223458 0 42.237
1435223474 0 42.237
1435223490 0 42.237
1435223505 0 42.237
1435223521 0 42.237
1435223537 0 42.350
1435223553 0 42.350
1435223569 0 42.350
1435223584 0 42.350
1435223600 0 42.350
1435223616 0 42.350
1435223631 0 42.350
1435223647 0 42.350
1435223663 0 42.462
1435223679 0 42.462
1435223695 0 42.462
1435223710 0 42.462
1435223726 0 42.462
1435223742 0 42.462
1435223757 0 42.462
1435223773 0 42.462
1435223789 0 42.575
1435223805 0 42.575
1435223821 0 42.575
1435223836 0 42.575
1435223852 0 42.575
1435223868 0 42.575
1435223884 0 42.575
1435223899 0 42.575
1435223915 0 42.688
1435223931 0 42.688
1435223947 0 42.688
1435223962 0 42.688
1435223978 0 42.688
1435223994 0 42.688
1435224010 0 42.688
1435224025 0 42.800
1435224041 0 42.800
1435224057 0 42.800
1435224073 0 42.800
1435224088 0 42.800
1435224104 0 42.800
1435224120 0 42.800
1435224136 0 42.800
1435224151 0 42.800
1435224167 0 42.800
1435224183 0 42.913
1435224199 0 42.913
1435224214 0 42.913
1435224230 0 42.913
1435224246 0 42.913
1435224262 0 42.913
1435224277 0 42.913
1435224293 0 43.025
1435224309 0 42.913
1435224325 0 43.025
1435224340 0 43.025
1435224356 0 43.025
1435224372 0 43.025
1435224388 0 43.025
1435224403 0 43.025
1435224419 0 43.025
1435224435 0 43.025
1435224451 0 43.138
1435224466 0 43.138
1435224482 0 43.138
1435224498 0 43.138
1435224514 0 43.138
1435224529 0 43.138
1435224545 0 43.138
1435224561 0 43.138
1435224577 0 43.138
1435224592 0 43.250
1435224608 0 43.250
1435224624 0 43.250
1435224640 0 43.250
1435224655 0 43.250
1435224671 0 43.250
1435224687 0 43.250
1435224703 0 43.250
1435224718 0 43.250
1435224734 0 43.362
1435224750 0 43.362
1435224766 0 43.362
1435224782 0 43.362
1435224797 0 43.362
1435224813 0 43.362
1435224829 0 43.362
1435224844 0 43.362
1435224860 0 43.475
1435224876 0 43.475
1435224892 0 43.475
1435224908 0 43.475
1435224923 0 43.475
1435224939 0 43.475
1435224955 0 43.475
1435224971 0 43.475
1435224986 1 43.587
1435225002 1 43.587
1435225018 1 43.587
1435225034 1 43.587
1435225049 1 43.587
1435225065 1 43.587
1435225081 1 43.587
1435225097 1 43.587
1435225112 1 43.587
1435225128 1 43.587
1435225144 1 43.587
1435225160 1 43.587
1435225175 1 43.587
1435225191 1 43.587
1435225207 1 43.587
1435225223 1 43.587
1435225238 1 43.587
1435225254 1 43.587
1435225270 1 43.587
1435225286 1 43.587
1435225301 1 43.587
1435225317 1 43.587
1435225333 1 43.587
1435225349 1 43.475
1435225364 1 43.475
1435225380 1 43.475
1435225396 1 43.475
1435225412 1 43.362
1435225427 1 43.362
1435225443 1 43.362
1435225459 1 43.362
1435225475 1 43.250
1435225490 1 43.250
1435225506 1 43.250
1435225522 1 43.138
1435225538 1 43.138
1435225553 1 43.138
1435225569 1 43.025
1435225585 1 43.025
1435225601 1 43.025
1435225616 1 43.025
1435225632 0 42.913
1435225648 0 42.913
1435225664 0 42.800
1435225679 0 42.800
1435225695 0 42.800
1435225711 0 42.688
1435225727 0 42.688
1435225742 0 42.575
1435225758 0 42.575
1435225774 0 42.462
1435225790 0 42.462
1435225805 0 42.462
1435225821 0 42.350
1435225837 0 42.350
1435225853 0 42.350
1435225868 0 42.237
1435225884 0 42.237
1435225900 0 42.237
1435225916 0 42.125
1435225931 0 42.125
1435225947 0 42.125
1435225963 0 42.013
1435225979 0 42.013
1435225994 0 42.013
1435226010 0 41.900
1435226026 0 41.900
1435226042 0 41.900
1435226057 0 41.788
1435226073 0 41.788
1435226089 0 41.788
1435226105 0 41.788
1435226120 0 41.675
1435226136 0 41.675
1435226152 0 41.675
1435226168 0 41.562
1435226184 0 41.562
1435226199 0 41.562
1435226215 0 41.450
1435226231 0 41.450
1435226246 0 41.450
1435226262 0 41.450
1435226278 0 41.337
1435226294 0 41.337
1435226310 0 41.337
1435226325 0 41.337
1435226341 0 41.337
1435226357 0 41.225
1435226372 0 41.225
1435226388 0 41.225
1435226404 0 41.225
1435226420 0 41.225
1435226436 0 41.112
1435226451 0 41.112
1435226467 0 41.112
1435226483 0 41.112
1435226499 0 41.112
1435226514 0 41.000
1435226530 0 41.000
1435226546 0 41.000
1435226562 0 41.000
1435226577 0 41.000
1435226593 0 41.000
1435226609 0 41.000
1435226625 0 41.000
1435226640 0 40.888
1435226656 0 40.888
1435226672 0 40.888
1435226688 0 40.888
1435226703 0 40.888
1435226719 0 40.888
1435226735 0 40.888
1435226751 0 40.888
1435226766 0 40.888
1435226782 0 40.775
1435226798 0 40.775
1435226814 0 40.775
1435226829 0 40.775
1435226845 0 40.775
1435226861 0 40.775
1435226877 0 40.775
1435226892 0 40.775
1435226908 0 40.775
1435226924 0 40.775
1435226940 0 40.775
1435226955 0 40.775
1435226971 0 40.663
1435226987 0 40.663
1435227003 0 40.663
1435227018 0 40.663
1435227034 0 40.663
1435227050 0 40.663
1435227066 0 40.663
1435227081 0 40.663
1435227097 0 40.663
1435227113 0 40.550
1435227129 0 40.663
1435227144 0 40.663
1435227160 0 40.663
