1435228803 40.412 1 79.588 44.600
1435228820 40.412 1 79.588 44.600
1435228836 40.412 1 79.588 44.600
1435228853 40.412 1 79.588 44.600
1435228869 40.525 1 79.475 44.487
1435228886 40.412 1 79.588 44.487
1435228902 40.412 1 79.588 44.487
1435228919 40.525 1 79.475 44.487
1435228936 40.525 1 79.475 44.375
1435228952 40.525 1 79.475 44.375
1435228969 40.525 1 79.475 44.263
1435228985 40.525 1 79.475 44.263
1435229001 40.525 1 79.475 44.263
1435229018 40.525 1 79.475 44.150
1435229034 40.525 1 79.475 44.150
1435229051 40.525 1 79.475 44.150
1435229068 40.525 1 79.475 44.038
1435229084 40.525 1 79.475 44.038
1435229101 40.525 1 79.475 44.038
1435229117 40.638 1 79.362 44.038
1435229134 40.638 1 79.362 44.038
1435229150 40.638 1 79.362 44.038
1435229166 40.638 1 79.362 44.038
1435229183 40.638 1 79.362 43.925
1435229200 40.638 1 79.362 43.925
1435229216 40.638 1 79.362 43.925
1435229233 40.638 1 79.362 43.925
1435229249 40.750 1 79.250 43.812
1435229266 40.750 1 79.250 43.812
1435229282 40.750 1 79.250 43.812
1435229299 40.750 1 79.250 43.812
1435229315 40.750 1 79.250 43.700
1435229332 40.750 1 79.250 43.700
1435229348 40.750 1 79.250 43.700
1435229365 40.750 1 79.250 43.700
1435229381 40.862 1 79.138 43.587
1435229398 40.862 1 79.138 43.587
1435229414 40.862 1 79.138 43.587
1435229431 40.862 1 79.138 43.587
1435229447 40.862 1 79.138 43.587
1435229464 40.862 1 79.138 43.587
1435229480 40.975 1 79.025 43.475
1435229497 40.862 1 79.138 43.475
1435229513 40.975 1 79.025 43.475
1435229530 40.975 1 79.025 43.475
1435229546 40.975 1 79.025 43.362
1435229563 40.975 1 79.025 43.362
1435229579 40.975 1 79.025 43.362
1435229596 40.975 1 79.025 43.362
1435229612 40.975 1 79.025 43.362
1435229629 41.088 1 78.912 43.250
1435229645 41.088 1 78.912 43.250
1435229662 41.088 1 78.912 43.250
1435229678 41.088 1 78.912 43.250
1435229695 41.088 1 78.912 43.138
1435229711 41.088 1 78.912 43.138
1435229728 41.088 1 78.912 43.138
1435229744 41.200 1 78.800 43.025
1435229761 41.200 1 78.800 43.025
1435229777 41.200 1 78.800 43.025
1435229794 41.200 1 78.800 43.025
1435229810 41.200 1 78.800 42.913
1435229827 41.200 1 78.800 42.913
1435229843 41.200 1 78.800 42.913
1435229860 41.200 1 78.800 42.800
1435229876 41.200 1 78.800 42.800
1435229893 41.312 1 78.688 42.800
1435229909 41.312 1 78.688 42.800
1435229926 41.312 1 78.688 42.688
1435229942 41.312 1 78.688 42.688
1435229959 41.312 1 78.688 42.688
1435229975 41.425 1 78.575 42.575
1435229992 41.425 1 78.575 42.575
1435230008 41.425 1 78.575 42.575
1435230025 41.425 1 78.575 42.462
1435230041 41.425 1 78.575 42.462
1435230058 41.425 1 78.575 42.462
1435230074 41.537 1 78.463 42.462
1435230091 41.537 1 78.463 42.350
1435230108 41.537 1 78.463 42.350
1435230124 41.537 1 78.463 42.350
1435230141 41.537 1 78.463 42.237
1435230157 41.537 1 78.463 42.237
1435230174 41.537 1 78.463 42.237
1435230190 41.650 1 78.350 42.125
1435230206 41.650 1 78.350 42.125
1435230223 41.650 1 78.350 42.125
1435230240 41.650 1 78.350 42.013
1435230256 41.650 1 78.350 42.013
1435230273 41.650 1 78.350 42.013
1435230289 41.763 1 78.237 41.900
1435230306 41.763 1 78.237 41.900
1435230322 41.763 1 78.237 41.900
1435230339 41.763 1 78.237 41.788
1435230355 41.763 1 78.237 41.788
1435230372 41.763 1 78.237 41.788
1435230388 41.875 0 78.125 41.675
1435230405 41.875 0 78.125 41.675
1435230421 41.875 0 78.125 41.675
1435230438 41.875 0 78.125 41.562
1435230454 41.875 0 78.125 41.562
1435230471 41.875 0 78.125 41.562
1435230487 41.987 0 78.013 41.450
1435230504 41.987 0 78.013 41.450
1435230520 41.987 0 78.013 41.450
1435230537 41.987 0 78.013 41.337
1435230553 41.987 0 78.013 41.337
1435230570 41.987 0 78.013 41.337
1435230586 41.987 0 78.013 41.337
1435230603 42.100 0 77.900 41.225
1435230619 42.100 0 77.900 41.225
1435230636 42.100 0 77.900 41.225
1435230652 42.100 0 77.900 41.225
1435230669 42.100 0 77.900 41.112
1435230685 42.213 0 77.787 41.112
1435230702 42.213 0 77.787 41.112
1435230718 42.213 0 77.787 41.112
1435230735 42.213 0 77.787 41.112
1435230751 42.213 0 77.787 41.000
1435230768 42.213 0 77.787 41.000
1435230784 42.213 0 77.787 41.000
1435230801 42.325 0 77.675 41.000
1435230817 42.325 0 77.675 41.000
1435230834 42.325 0 77.675 41.000
1435230850 42.325 0 77.675 41.000
1435230867 42.325 0 77.675 41.000
1435230883 42.325 0 77.675 41.000
1435230900 42.438 0 77.562 41.000
1435230916 42.438 0 77.562 41.000
1435230933 42.438 0 77.562 41.000
1435230949 42.438 0 77.562 41.000
1435230966 42.438 0 77.562 41.000
1435230982 42.438 0 77.562 41.000
1435230999 42.550 0 77.450 41.000
1435231015 42.550 0 77.450 41.000
1435231032 42.550 0 77.450 41.000
1435231048 42.550 0 77.450 41.000
1435231065 42.550 0 77.450 41.000
1435231081 42.550 0 77.450 41.000
1435231098 42.550 0 77.450 41.000
1435231114 42.550 0 77.450 41.000
1435231131 42.662 0 77.338 41.000
1435231147 42.662 0 77.338 41.112
1435231164 42.662 0 77.338 41.112
1435231180 42.662 0 77.338 41.112
1435231197 42.662 0 77.338 41.112
1435231213 42.662 0 77.338 41.112
1435231230 42.775 0 77.225 41.112
1435231246 42.775 0 77.225 41.112
1435231263 42.775 0 77.225 41.225
1435231279 42.775 0 77.225 41.225
1435231296 42.775 0 77.225 41.225
1435231313 42.775 0 77.225 41.337
1435231329 42.775 0 77.225 41.337
1435231346 42.888 0 77.112 41.337
1435231362 42.888 0 77.112 41.337
1435231378 42.888 0 77.112 41.450
1435231395 42.888 0 77.112 41.450
1435231411 42.888 0 77.112 41.450
1435231428 42.888 0 77.112 41.450
1435231445 42.888 0 77.112 41.562
1435231461 42.888 0 77.112 41.562
1435231478 42.888 0 77.112 41.562
1435231494 43.000 0 77.000 41.675
1435231511 43.000 0 77.000 41.675
1435231527 43.000 0 77.000 41.675
1435231543 43.000 0 77.000 41.788
1435231560 43.000 0 77.000 41.788
1435231577 43.000 0 77.000 41.788
1435231593 43.000 0 77.000 41.900
1435231610 43.000 0 77.000 41.900
1435231626 43.000 0 77.000 41.900
1435231643 43.112 0 76.888 42.013
1435231659 43.112 0 76.888 42.013
1435231676 43.112 0 76.888 42.125
1435231692 43.112 0 76.888 42.125
1435231709 43.112 0 76.888 42.237
1435231725 43.112 0 76.888 42.237
1435231742 43.112 0 76.888 42.237
1435231758 43.225 0 76.775 42.350
1435231775 43.225 0 76.775 42.350
1435231791 43.225 0 76.775 42.462
1435231808 43.225 0 76.775 42.462
1435231824 43.225 0 76.775 42.575
1435231841 43.225 0 76.775 42.575
1435231857 43.225 0 76.775 42.575
1435231874 43.225 0 76.775 42.688
1435231890 43.338 0 76.662 42.688
1435231907 43.338 0 76.662 42.800
1435231923 43.338 0 76.662 42.800
1435231940 43.338 0 76.662 42.913
1435231956 43.338 0 76.662 42.913
1435231973 43.338 0 76.662 43.025
1435231989 43.338 0 76.662 43.025
1435232006 43.338 0 76.662 43.138
1435232022 43.338 0 76.662 43.138
1435232039 43.450 0 76.550 43.250
1435232055 43.450 0 76.550 43.250
1435232072 43.450 0 76.550 43.362
1435232088 43.450 0 76.550 43.362
1435232105 43.450 0 76.550 43.475
1435232121 43.450 0 76.550 43.475
1435232138 43.450 0 76.550 43.587
1435232154 43.450 0 76.550 43.587
1435232171 43.450 0 76.550 43.700
1435232187 43.562 0 76.438 43.700
1435232204 43.562 0 76.438 43.812
1435232220 43.562 0 76.438 43.812
1435232237 43.562 0 76.438 43.925
1435232253 43.562 0 76.438 43.925
1435232270 43.562 0 76.438 44.038
1435232286 43.562 0 76.438 44.038
1435232303 43.562 1 76.438 44.150
1435232319 43.562 1 76.438 44.150
1435232336 43.562 1 76.438 44.263
1435232352 43.675 1 76.325 44.263
1435232369 43.675 1 76.325 44.375
1435232385 43.675 1 76.325 44.375
1435232402 43.675 1 76.325 44.487
1435232418 43.675 1 76.325 44.487
1435232435 43.675 1 76.325 44.487
1435232451 43.675 1 76.325 44.600
1435232468 43.675 1 76.325 44.600
1435232485 43.787 1 76.213 44.600
1435232501 43.675 1 76.325 44.600
1435232517 43.787 1 76.213 44.600
1435232534 43.787 1 76.213 44.712
1435232550 43.787 1 76.213 44.712
1435232567 43.787 1 76.213 44.712
1435232583 43.787 1 76.213 44.712
1435232600 43.787 1 76.213 44.712
1435232617 43.787 1 76.213 44.712
1435232633 43.900 1 76.100 44.712
1435232650 43.900 1 76.100 44.712
1435232666 43.900 1 76.100 44.712
1435232682 43.900 1 76.100 44.712
1435232699 43.900 1 76.100 44.712
1435232715 43.900 1 76.100 44.712
1435232732 43.900 1 76.100 44.712
1435232749 43.900 1 76.100 44.712
1435232765 43.900 1 76.100 44.712
1435232782 44.013 1 75.987 44.712
1435232798 44.013 1 75.987 44.600
1435232815 44.013 1 75.987 44.600
1435232831 44.013 1 75.987 44.600
1435232848 44.013 1 75.987 44.600
1435232864 44.013 1 75.987 44.600
1435232881 44.013 1 75.987 44.600
1435232897 44.013 1 75.987 44.600
1435232914 44.125 1 75.875 44.600
1435232930 44.125 1 75.875 44.600
1435232947 44.125 1 75.875 44.600
1435232963 44.125 1 75.875 44.600
1435232980 44.125 1 75.875 44.487
1435232996 44.125 1 75.875 44.487
1435233013 44.125 1 75.875 44.487
1435233029 44.237 1 75.763 44.487
1435233046 44.237 1 75.763 44.487
1435233062 44.237 1 75.763 44.375
1435233079 44.237 1 75.763 44.375
1435233095 44.237 1 75.763 44.375
1435233112 44.237 1 75.763 44.375
1435233128 44.237 1 75.763 44.375
1435233145 44.237 1 75.763 44.375
1435233161 44.350 0 75.650 44.263
1435233178 44.350 0 75.650 44.263
1435233194 44.350 0 75.650 44.263
1435233211 44.350 0 75.650 44.263
1435233227 44.350 0 75.650 44.150
1435233244 44.350 0 75.650 44.150
1435233260 44.350 0 75.650 44.150
1435233277 44.463 0 75.537 44.150
1435233293 44.463 0 75.537 44.038
1435233310 44.463 0 75.537 44.038
1435233326 44.463 0 75.537 44.038
1435233343 44.463 0 75.537 44.038
1435233359 44.463 0 75.537 44.038
1435233376 44.575 0 75.425 44.038
1435233392 44.575 0 75.425 43.925
1435233409 44.575 0 75.425 43.925
1435233425 44.575 0 75.425 43.925
1435233442 44.575 0 75.425 43.925
1435233458 44.575 0 75.425 43.925
1435233475 44.575 0 75.425 43.925
1435233491 44.575 0 75.425 43.925
1435233508 44.575 0 75.425 43.812
1435233524 44.688 0 75.312 43.812
1435233541 44.688 0 75.312 43.812
1435233557 44.688 0 75.312 43.812
1435233574 44.688 0 75.312 43.812
1435233590 44.688 0 75.312 43.812
1435233607 44.688 0 75.312 43.812
1435233623 44.688 0 75.312 43.812
1435233640 44.800 0 75.200 43.812
1435233656 44.800 0 75.200 43.812
1435233673 44.800 0 75.200 43.812
1435233689 44.800 0 75.200 43.812
1435233706 44.800 0 75.200 43.812
1435233722 44.800 0 75.200 43.812
1435233739 44.800 0 75.200 43.812
1435233755 44.912 0 75.088 43.812
1435233772 44.912 0 75.088 43.812
1435233788 44.912 0 75.088 43.812
1435233805 44.912 0 75.088 43.812
1435233822 44.912 0 75.088 43.812
1435233838 44.912 0 75.088 43.812
1435233855 44.912 0 75.088 43.812
1435233871 44.912 0 75.088 43.812
1435233887 44.912 0 75.088 43.812
1435233904 45.025 0 74.975 43.812
1435233920 45.025 0 74.975 43.925
1435233937 45.025 0 74.975 43.925
1435233954 45.025 0 74.975 43.925
1435233970 45.025 0 74.975 43.925
1435233987 45.025 0 74.975 43.925
1435234003 45.025 0 74.975 43.925
1435234020 45.025 0 74.975 43.925
1435234036 45.138 0 74.862 44.038
1435234053 45.138 0 74.862 44.038
1435234069 45.138 0 74.862 44.038
1435234086 45.138 0 74.862 44.038
1435234102 45.138 0 74.862 44.150
1435234119 45.138 0 74.862 44.150
1435234135 45.138 0 74.862 44.150
1435234152 45.138 0 74.862 44.150
1435234168 45.138 0 74.862 44.150
1435234185 45.250 0 74.750 44.263
1435234201 45.250 0 74.750 44.263
1435234218 45.250 0 74.750 44.263
1435234234 45.250 0 74.750 44.263
1435234251 45.250 0 74.750 44.375
1435234267 45.250 0 74.750 44.375
1435234284 45.250 0 74.750 44.375
1435234300 45.250 0 74.750 44.487
1435234317 45.250 0 74.750 44.487
1435234333 45.250 0 74.750 44.487
1435234350 45.362 0 74.638 44.487
1435234366 45.362 0 74.638 44.600
1435234383 45.362 0 74.638 44.600
1435234399 45.362 0 74.638 44.600
1435234416 45.362 0 74.638 44.712
1435234432 45.362 0 74.638 44.712
1435234449 45.362 0 74.638 44.712
1435234465 45.362 0 74.638 44.825
1435234482 45.362 0 74.638 44.825
1435234498 45.362 0 74.638 44.825
1435234515 45.475 0 74.525 44.938
1435234531 45.475 0 74.525 44.938
1435234548 45.475 0 74.525 44.938
1435234564 45.475 0 74.525 45.050
1435234581 45.475 0 74.525 45.050
1435234597 45.475 0 74.525 45.050
1435234614 45.475 0 74.525 45.163
1435234630 45.475 0 74.525 45.163
1435234647 45.475 0 74.525 45.163
1435234663 45.588 0 74.412 45.275
1435234680 45.588 0 74.412 45.275
1435234696 45.588 0 74.412 45.388
1435234713 45.588 0 74.412 45.388
1435234729 45.588 0 74.412 45.388
1435234746 45.588 0 74.412 45.500
1435234762 45.588 0 74.412 45.500
1435234779 45.588 0 74.412 45.612
1435234795 45.588 0 74.412 45.612
1435234812 45.588 0 74.412 45.612
1435234828 45.700 0 74.300 45.725
1435234845 45.700 0 74.300 45.725
1435234862 45.700 0 74.300 45.837
1435234878 45.700 0 74.300 45.837
1435234894 45.700 0 74.300 45.837
1435234911 45.700 0 74.300 45.950
1435234927 45.700 0 74.300 45.950
1435234944 45.700 0 74.300 46.062
1435234960 45.700 0 74.300 46.062
1435234977 45.700 0 74.300 46.175
1435234994 45.812 0 74.188 46.175
1435235010 45.812 0 74.188 46.175
1435235027 45.812 0 74.188 46.288
1435235043 45.812 0 74.188 46.288
1435235059 45.812 1 74.188 46.400
1435235076 45.812 1 74.188 46.400
1435235092 45.812 1 74.188 46.400
1435235109 45.812 1 74.188 46.513
1435235126 45.812 1 74.188 46.513
1435235142 45.812 1 74.188 46.625
1435235159 45.812 1 74.188 46.625
1435235175 45.925 1 74.075 46.625
1435235192 45.925 1 74.075 46.625
1435235208 45.925 1 74.075 46.737
1435235225 45.925 1 74.075 46.737
1435235241 45.925 1 74.075 46.737
1435235258 45.925 1 74.075 46.737
1435235274 45.925 1 74.075 46.737
1435235291 45.925 1 74.075 46.737
1435235307 45.925 1 74.075 46.737
1435235324 45.925 1 74.075 46.737
1435235340 45.925 1 74.075 46.737
1435235357 46.037 1 73.963 46.737
1435235373 46.037 1 73.963 46.850
1435235390 46.037 1 73.963 46.737
1435235406 46.037 1 73.963 46.850
1435235423 46.037 1 73.963 46.737
1435235439 46.037 1 73.963 46.737
1435235456 46.037 1 73.963 46.737
1435235472 46.037 1 73.963 46.737
1435235489 46.037 1 73.963 46.737
1435235505 46.037 1 73.963 46.737
1435235522 46.150 1 73.850 46.737
1435235538 46.150 1 73.850 46.737
1435235555 46.150 1 73.850 46.737
1435235571 46.150 1 73.850 46.737
1435235588 46.150 1 73.850 46.737
1435235604 46.150 1 73.850 46.737
1435235621 46.150 1 73.850 46.737
1435235637 46.150 1 73.850 46.737
1435235654 46.150 1 73.850 46.625
1435235670 46.150 1 73.850 46.625
1435235687 46.263 1 73.737 46.625
1435235703 46.263 1 73.737 46.625
1435235720 46.263 1 73.737 46.625
1435235736 46.263 1 73.737 46.625
1435235753 46.263 1 73.737 46.513
1435235769 46.263 1 73.737 46.513
1435235786 46.263 1 73.737 46.513
1435235802 46.263 1 73.737 46.513
1435235819 46.263 1 73.737 46.513
1435235835 46.375 1 73.625 46.513
1435235852 46.375 1 73.625 46.400
1435235868 46.375 1 73.625 46.400
1435235885 46.375 1 73.625 46.400
1435235901 46.375 1 73.625 46.400
1435235918 46.375 1 73.625 46.400
1435235934 46.375 0 73.625 46.288
1435235951 46.375 0 73.625 46.288
1435235967 46.487 0 73.513 46.288
1435235984 46.487 0 73.513 46.288
1435236000 46.487 0 73.513 46.175
1435236017 46.487 0 73.513 46.175
1435236033 46.487 0 73.513 46.175
1435236050 46.487 0 73.513 46.175
1435236067 46.487 0 73.513 46.062
1435236083 46.487 0 73.513 46.062
1435236099 46.600 0 73.400 46.062
1435236116 46.600 0 73.400 46.062
1435236132 46.600 0 73.400 45.950
1435236149 46.600 0 73.400 45.950
1435236165 46.600 0 73.400 45.950
1435236182 46.600 0 73.400 45.950
1435236199 46.600 0 73.400 45.837
1435236215 46.600 0 73.400 45.837
1435236232 46.600 0 73.400 45.837
1435236248 46.600 0 73.400 45.837
1435236265 46.713 0 73.287 45.837
1435236281 46.713 0 73.287 45.837
1435236297 46.713 0 73.287 45.837
1435236314 46.713 0 73.287 45.725
1435236331 46.713 0 73.287 45.725
1435236347 46.713 0 73.287 45.725
1435236364 46.713 0 73.287 45.725
1435236380 46.825 0 73.175 45.725
1435236397 46.825 0 73.175 45.725
1435236413 46.825 0 73.175 45.725
1435236430 46.825 0 73.175 45.725
1435236446 46.825 0 73.175 45.725
1435236463 46.825 0 73.175 45.725
1435236479 46.825 0 73.175 45.725
1435236496 46.825 0 73.175 45.612
1435236512 46.825 0 73.175 45.612
1435236529 46.938 0 73.062 45.725
1435236545 46.938 0 73.062 45.612
1435236562 46.938 0 73.062 45.612
1435236578 46.938 0 73.062 45.725
1435236595 46.938 0 73.062 45.612
1435236611 46.938 0 73.062 45.612
1435236628 46.938 0 73.062 45.612
1435236644 46.938 0 73.062 45.725
1435236661 47.050 0 72.950 45.725
1435236677 47.050 0 72.950 45.725
1435236694 47.050 0 72.950 45.725
1435236710 47.050 0 72.950 45.725
1435236727 47.050 0 72.950 45.725
1435236743 47.050 0 72.950 45.725
1435236760 47.050 0 72.950 45.725
1435236776 47.050 0 72.950 45.725
1435236793 47.050 0 72.950 45.725
1435236809 47.050 0 72.950 45.725
1435236826 47.050 0 72.950 45.837
1435236842 47.162 0 72.838 45.837
1435236859 47.162 0 72.838 45.837
1435236875 47.162 0 72.838 45.837
1435236892 47.162 0 72.838 45.837
1435236908 47.162 0 72.838 45.837
1435236925 47.162 0 72.838 45.837
1435236941 47.162 0 72.838 45.950
1435236958 47.162 0 72.838 45.950
1435236974 47.162 0 72.838 45.950
1435236991 47.275 0 72.725 45.950
1435237007 47.162 0 72.838 45.950
1435237024 47.275 0 72.725 45.950
1435237040 47.275 0 72.725 46.062
1435237057 47.275 0 72.725 46.062
1435237073 47.275 0 72.725 46.062
1435237090 47.275 0 72.725 46.062
1435237106 47.275 0 72.725 46.175
1435237123 47.275 0 72.725 46.175
1435237139 47.388 0 72.612 46.175
1435237156 47.275 0 72.725 46.175
1435237172 47.388 0 72.612 46.288
1435237189 47.275 0 72.725 46.288
1435237205 47.388 0 72.612 46.288
1435237222 47.388 0 72.612 46.288
1435237239 47.388 0 72.612 46.400
1435237255 47.388 0 72.612 46.400
1435237272 47.388 0 72.612 46.400
1435237288 47.388 0 72.612 46.400
1435237304 47.388 0 72.612 46.513
1435237321 47.388 0 72.612 46.513
1435237337 47.388 0 72.612 46.513
1435237354 47.500 0 72.500 46.625
1435237371 47.500 0 72.500 46.625
1435237387 47.500 0 72.500 46.625
1435237404 47.500 0 72.500 46.625
1435237420 47.500 0 72.500 46.737
1435237437 47.500 0 72.500 46.737
1435237453 47.500 0 72.500 46.737
1435237470 47.500 0 72.500 46.850
1435237486 47.500 0 72.500 46.850
1435237503 47.500 0 72.500 46.850
1435237519 47.612 0 72.388 46.850
1435237536 47.500 0 72.500 46.962
1435237552 47.612 0 72.388 46.962
1435237569 47.612 0 72.388 47.075
1435237585 47.612 0 72.388 47.075
1435237602 47.612 0 72.388 47.075
1435237618 47.612 0 72.388 47.075
1435237635 47.612 0 72.388 47.188
1435237651 47.612 0 72.388 47.188
1435237668 47.612 0 72.388 47.188
1435237684 47.612 0 72.388 47.300
1435237701 47.612 0 72.388 47.300
1435237717 47.612 0 72.388 47.300
1435237734 47.725 0 72.275 47.413
1435237750 47.725 0 72.275 47.413
1435237767 47.725 0 72.275 47.413
1435237783 47.725 0 72.275 47.525
1435237800 47.725 0 72.275 47.525
1435237816 47.725 0 72.275 47.525
1435237833 47.725 0 72.275 47.638
1435237849 47.725 0 72.275 47.638
1435237866 47.725 0 72.275 47.750
1435237882 47.725 0 72.275 47.750
1435237899 47.725 0 72.275 47.750
1435237915 47.725 0 72.275 47.862
1435237932 47.725 0 72.275 47.862
1435237948 47.838 0 72.162 47.862
1435237965 47.838 0 72.162 47.975
1435237981 47.838 0 72.162 47.975
1435237998 47.838 0 72.162 47.975
1435238014 47.838 0 72.162 48.087
1435238031 47.838 0 72.162 48.087
1435238047 47.838 0 72.162 48.087
1435238064 47.838 0 72.162 48.087
1435238080 47.838 0 72.162 48.200
1435238097 47.838 0 72.162 48.200
1435238113 47.838 0 72.162 48.312
1435238130 47.838 0 72.162 48.312
1435238146 47.838 0 72.162 48.312
1435238163 47.950 0 72.050 48.425
1435238179 47.950 0 72.050 48.425
1435238196 47.950 0 72.050 48.425
1435238212 47.950 1 72.050 48.538
1435238229 47.950 1 72.050 48.538
1435238245 47.950 1 72.050 48.650
1435238262 47.950 1 72.050 48.650
1435238278 47.950 1 72.050 48.650
1435238295 47.950 1 72.050 48.650
1435238311 47.950 1 72.050 48.763
1435238328 47.950 1 72.050 48.763
1435238344 47.950 1 72.050 48.763
1435238361 47.950 1 72.050 48.763
1435238377 47.950 1 72.050 48.875
1435238394 48.062 1 71.938 48.875
1435238410 48.062 1 71.938 48.875
1435238427 48.062 1 71.938 48.875
1435238444 48.062 1 71.938 48.875
1435238460 48.062 1 71.938 48.875
1435238477 48.062 1 71.938 48.875
1435238493 48.062 1 71.938 48.875
1435238509 48.062 1 71.938 48.875
1435238526 48.062 1 71.938 48.875
1435238542 48.062 1 71.938 48.875
1435238559 48.062 1 71.938 48.763
1435238576 48.062 1 71.938 48.763
1435238592 48.175 1 71.825 48.763
1435238609 48.175 1 71.825 48.763
1435238625 48.175 1 71.825 48.763
1435238642 48.175 1 71.825 48.763
1435238658 48.175 1 71.825 48.763
1435238675 48.175 1 71.825 48.763
1435238691 48.175 1 71.825 48.763
1435238708 48.175 1 71.825 48.763
1435238724 48.175 1 71.825 48.650
1435238741 48.175 1 71.825 48.650
1435238757 48.287 1 71.713 48.650
1435238774 48.287 1 71.713 48.650
1435238790 48.287 1 71.713 48.650
1435238807 48.287 1 71.713 48.650
1435238823 48.287 1 71.713 48.538
1435238840 48.287 1 71.713 48.538
1435238856 48.287 1 71.713 48.538
1435238873 48.287 1 71.713 48.538
1435238889 48.287 1 71.713 48.538
1435238906 48.287 1 71.713 48.425
1435238922 48.287 1 71.713 48.425
1435238939 48.400 1 71.600 48.425
1435238955 48.400 1 71.600 48.425
1435238972 48.400 0 71.600 48.312
1435238988 48.400 0 71.600 48.312
1435239005 48.400 0 71.600 48.312
1435239021 48.400 0 71.600 48.312
1435239038 48.400 0 71.600 48.200
1435239054 48.400 0 71.600 48.200
1435239071 48.400 0 71.600 48.200
1435239087 48.513 0 71.487 48.087
1435239104 48.513 0 71.487 48.087
1435239120 48.513 0 71.487 48.087
1435239137 48.513 0 71.487 48.087
1435239153 48.513 0 71.487 47.975
1435239170 48.513 0 71.487 47.975
1435239186 48.513 0 71.487 47.975
1435239203 48.513 0 71.487 47.862
1435239219 48.513 0 71.487 47.862
1435239236 48.625 0 71.375 47.862
1435239252 48.625 0 71.375 47.862
1435239269 48.625 0 71.375 47.862
1435239285 48.625 0 71.375 47.750
1435239302 48.625 0 71.375 47.750
1435239318 48.625 0 71.375 47.750
1435239335 48.625 0 71.375 47.750
1435239351 48.625 0 71.375 47.750
1435239368 48.625 0 71.375 47.638
1435239384 48.737 0 71.263 47.638
1435239401 48.737 0 71.263 47.638
1435239417 48.737 0 71.263 47.638
1435239434 48.737 0 71.263 47.638
1435239450 48.737 0 71.263 47.638
1435239467 48.737 0 71.263 47.525
1435239484 48.737 0 71.263 47.525
1435239500 48.737 0 71.263 47.525
1435239516 48.737 0 71.263 47.525
1435239533 48.850 0 71.150 47.525
1435239549 48.737 0 71.263 47.525
1435239566 48.850 0 71.150 47.525
1435239582 48.850 0 71.150 47.525
1435239599 48.850 0 71.150 47.525
1435239616 48.850 0 71.150 47.525
1435239632 48.850 0 71.150 47.413
1435239649 48.850 0 71.150 47.413
1435239665 48.850 0 71.150 47.413
1435239681 48.850 0 71.150 47.413
1435239698 48.850 0 71.150 47.413
1435239714 48.963 0 71.037 47.413
1435239731 48.963 0 71.037 47.413
1435239748 48.963 0 71.037 47.413
1435239764 48.963 0 71.037 47.413
1435239781 48.963 0 71.037 47.413
1435239797 48.963 0 71.037 47.413
1435239814 48.963 0 71.037 47.413
1435239830 48.963 0 71.037 47.413
1435239847 48.963 0 71.037 47.413
1435239863 48.963 0 71.037 47.413
1435239880 48.963 0 71.037 47.413
1435239896 49.075 0 70.925 47.413
1435239913 49.075 0 70.925 47.413
1435239929 49.075 0 70.925 47.525
1435239946 49.075 0 70.925 47.525
1435239962 49.075 0 70.925 47.525
1435239979 49.075 0 70.925 47.525
1435239995 49.075 0 70.925 47.525
1435240012 49.075 0 70.925 47.525
1435240028 49.075 0 70.925 47.525
1435240045 49.188 0 70.812 47.525
1435240061 49.075 0 70.925 47.525
1435240078 49.188 0 70.812 47.525
1435240094 49.188 0 70.812 47.638
1435240111 49.188 0 70.812 47.638
1435240127 49.188 0 70.812 47.638
1435240144 49.188 0 70.812 47.638
1435240160 49.188 0 70.812 47.638
1435240177 49.188 0 70.812 47.638
1435240193 49.188 0 70.812 47.638
1435240210 49.188 0 70.812 47.750
1435240226 49.188 0 70.812 47.750
1435240243 49.188 0 70.812 47.750
1435240259 49.188 0 70.812 47.750
1435240276 49.188 0 70.812 47.750
1435240292 49.300 0 70.700 47.750
1435240309 49.300 0 70.700 47.862
1435240325 49.300 0 70.700 47.862
1435240342 49.300 0 70.700 47.862
1435240358 49.300 0 70.700 47.862
1435240375 49.300 0 70.700 47.862
1435240391 49.300 0 70.700 47.975
1435240408 49.300 0 70.700 47.975
1435240424 49.300 0 70.700 47.975
1435240441 49.300 0 70.700 47.975
1435240457 49.300 0 70.700 47.975
1435240474 49.300 0 70.700 48.087
1435240490 49.300 0 70.700 48.087
1435240507 49.412 0 70.588 48.087
1435240523 49.412 0 70.588 48.087
1435240540 49.412 0 70.588 48.200
1435240556 49.412 0 70.588 48.200
1435240573 49.412 0 70.588 48.200
1435240589 49.412 0 70.588 48.200
1435240606 49.412 0 70.588 48.312
1435240622 49.412 0 70.588 48.312
1435240639 49.412 0 70.588 48.312
1435240655 49.412 0 70.588 48.312
1435240672 49.412 0 70.588 48.312
1435240688 49.412 0 70.588 48.425
1435240705 49.525 0 70.475 48.425
1435240721 49.525 0 70.475 48.425
1435240738 49.525 0 70.475 48.538
1435240754 49.525 0 70.475 48.538
1435240771 49.525 0 70.475 48.538
1435240787 49.525 0 70.475 48.538
1435240804 49.525 0 70.475 48.538
1435240821 49.525 0 70.475 48.650
1435240837 49.525 0 70.475 48.650
1435240854 49.525 0 70.475 48.650
1435240870 49.525 0 70.475 48.763
1435240887 49.525 0 70.475 48.763
1435240903 49.525 0 70.475 48.763
1435240919 49.525 0 70.475 48.763
1435240936 49.638 0 70.362 48.875
1435240953 49.638 0 70.362 48.875
1435240969 49.638 0 70.362 48.875
1435240986 49.638 0 70.362 48.875
1435241002 49.638 0 70.362 48.987
1435241019 49.638 0 70.362 48.987
1435241035 49.638 0 70.362 48.987
1435241052 49.638 0 70.362 48.987
1435241068 49.638 0 70.362 49.100
1435241085 49.638 0 70.362 49.100
1435241101 49.638 0 70.362 49.212
1435241118 49.638 0 70.362 49.212
1435241134 49.638 0 70.362 49.212
1435241151 49.638 0 70.362 49.212
1435241167 49.750 0 70.250 49.325
1435241184 49.750 0 70.250 49.325
1435241200 49.750 0 70.250 49.325
1435241217 49.750 0 70.250 49.325
1435241233 49.750 0 70.250 49.438
1435241250 49.750 0 70.250 49.438
1435241266 49.750 0 70.250 49.438
1435241283 49.750 0 70.250 49.438
1435241299 49.750 0 70.250 49.550
1435241316 49.750 0 70.250 49.550
1435241332 49.750 0 70.250 49.550
1435241349 49.750 0 70.250 49.663
1435241365 49.750 0 70.250 49.663
1435241382 49.750 0 70.250 49.663
1435241398 49.750 0 70.250 49.663
1435241415 49.750 0 70.250 49.775
1435241431 49.862 0 70.138 49.775
1435241448 49.862 0 70.138 49.775
1435241464 49.862 0 70.138 49.888
1435241481 49.862 0 70.138 49.888
1435241497 49.862 0 70.138 49.888
1435241514 49.862 0 70.138 49.888
1435241530 49.862 0 70.138 50.000
1435241547 49.862 0 70.138 50.000
1435241563 49.862 0 70.138 50.000
1435241580 49.862 0 70.138 50.112
1435241596 49.862 0 70.138 50.112
1435241613 49.862 0 70.138 50.112
1435241629 49.862 0 70.138 50.112
1435241646 49.862 0 70.138 50.225
1435241662 49.975 0 70.025 50.225
1435241679 49.975 0 70.025 50.225
1435241695 49.975 0 70.025 50.337
1435241712 49.862 0 70.138 50.337
1435241728 49.975 0 70.025 50.337
1435241745 49.975 0 70.025 50.450
1435241761 49.975 0 70.025 50.450
1435241778 49.975 0 70.025 50.450
1435241794 49.975 0 70.025 50.450
1435241811 49.975 1 70.025 50.562
1435241827 49.975 1 70.025 50.562
1435241844 49.975 1 70.025 50.562
1435241861 49.975 1 70.025 50.562
1435241877 49.975 1 70.025 50.675
1435241893 49.975 1 70.025 50.675
1435241910 49.975 1 70.025 50.675
1435241926 49.975 1 70.025 50.675
